[debug] [2025-04-29T12:25:31.238Z] ----------------------------------------------------------------------
[debug] [2025-04-29T12:25:31.242Z] Command:       C:\Program Files\nodejs\node.exe C:\Users\SATAN\AppData\Roaming\npm\node_modules\firebase-tools\lib\bin\firebase.js deploy --only functions:enqueueCommand --force
[debug] [2025-04-29T12:25:31.243Z] CLI Version:   14.2.1
[debug] [2025-04-29T12:25:31.243Z] Platform:      win32
[debug] [2025-04-29T12:25:31.243Z] Node Version:  v23.11.0
[debug] [2025-04-29T12:25:31.243Z] Time:          Tue Apr 29 2025 06:25:31 GMT-0600 (Mountain Daylight Time)
[debug] [2025-04-29T12:25:31.244Z] ----------------------------------------------------------------------
[debug] 
[debug] [2025-04-29T12:25:31.573Z] > command requires scopes: ["email","openid","https://www.googleapis.com/auth/cloudplatformprojects.readonly","https://www.googleapis.com/auth/firebase","https://www.googleapis.com/auth/cloud-platform"]
[debug] [2025-04-29T12:25:31.574Z] > authorizing via signed-in user (damienlovemusic@gmail.com)
[debug] [2025-04-29T12:25:31.574Z] [iam] checking project pc-operator-d54c0 for permissions ["cloudfunctions.functions.create","cloudfunctions.functions.delete","cloudfunctions.functions.get","cloudfunctions.functions.list","cloudfunctions.functions.update","cloudfunctions.operations.get","firebase.projects.get"]
[debug] [2025-04-29T12:25:31.575Z] Checked if tokens are valid: true, expires at: 1745933080742
[debug] [2025-04-29T12:25:31.576Z] Checked if tokens are valid: true, expires at: 1745933080742
[debug] [2025-04-29T12:25:31.577Z] >>> [apiv2][query] POST https://cloudresourcemanager.googleapis.com/v1/projects/pc-operator-d54c0:testIamPermissions [none]
[debug] [2025-04-29T12:25:31.577Z] >>> [apiv2][(partial)header] POST https://cloudresourcemanager.googleapis.com/v1/projects/pc-operator-d54c0:testIamPermissions x-goog-quota-user=projects/pc-operator-d54c0
[debug] [2025-04-29T12:25:31.577Z] >>> [apiv2][body] POST https://cloudresourcemanager.googleapis.com/v1/projects/pc-operator-d54c0:testIamPermissions {"permissions":["cloudfunctions.functions.create","cloudfunctions.functions.delete","cloudfunctions.functions.get","cloudfunctions.functions.list","cloudfunctions.functions.update","cloudfunctions.operations.get","firebase.projects.get"]}
[debug] [2025-04-29T12:25:32.001Z] <<< [apiv2][status] POST https://cloudresourcemanager.googleapis.com/v1/projects/pc-operator-d54c0:testIamPermissions 200
[debug] [2025-04-29T12:25:32.002Z] <<< [apiv2][body] POST https://cloudresourcemanager.googleapis.com/v1/projects/pc-operator-d54c0:testIamPermissions {"permissions":["cloudfunctions.functions.create","cloudfunctions.functions.delete","cloudfunctions.functions.get","cloudfunctions.functions.list","cloudfunctions.functions.update","cloudfunctions.operations.get","firebase.projects.get"]}
[debug] [2025-04-29T12:25:32.003Z] Checked if tokens are valid: true, expires at: 1745933080742
[debug] [2025-04-29T12:25:32.003Z] Checked if tokens are valid: true, expires at: 1745933080742
[debug] [2025-04-29T12:25:32.004Z] >>> [apiv2][query] POST https://iam.googleapis.com/v1/projects/pc-operator-d54c0/serviceAccounts/pc-operator-d54c0@appspot.gserviceaccount.com:testIamPermissions [none]
[debug] [2025-04-29T12:25:32.004Z] >>> [apiv2][body] POST https://iam.googleapis.com/v1/projects/pc-operator-d54c0/serviceAccounts/pc-operator-d54c0@appspot.gserviceaccount.com:testIamPermissions {"permissions":["iam.serviceAccounts.actAs"]}
[debug] [2025-04-29T12:25:32.372Z] <<< [apiv2][status] POST https://iam.googleapis.com/v1/projects/pc-operator-d54c0/serviceAccounts/pc-operator-d54c0@appspot.gserviceaccount.com:testIamPermissions 200
[debug] [2025-04-29T12:25:32.372Z] <<< [apiv2][body] POST https://iam.googleapis.com/v1/projects/pc-operator-d54c0/serviceAccounts/pc-operator-d54c0@appspot.gserviceaccount.com:testIamPermissions {"permissions":["iam.serviceAccounts.actAs"]}
[info] 
[info] === Deploying to 'pc-operator-d54c0'...
[info] 
[info] i  deploying functions 
[debug] [2025-04-29T12:25:32.392Z] Checked if tokens are valid: true, expires at: 1745933080742
[debug] [2025-04-29T12:25:32.393Z] Checked if tokens are valid: true, expires at: 1745933080742
[debug] [2025-04-29T12:25:32.393Z] >>> [apiv2][query] GET https://cloudresourcemanager.googleapis.com/v1/projects/pc-operator-d54c0 [none]
[debug] [2025-04-29T12:25:32.539Z] <<< [apiv2][status] GET https://cloudresourcemanager.googleapis.com/v1/projects/pc-operator-d54c0 200
[debug] [2025-04-29T12:25:32.540Z] <<< [apiv2][body] GET https://cloudresourcemanager.googleapis.com/v1/projects/pc-operator-d54c0 {"projectNumber":"983134400636","projectId":"pc-operator-d54c0","lifecycleState":"ACTIVE","name":"PC-OPERATOR","labels":{"firebase":"enabled","firebase-core":"disabled"},"createTime":"2025-04-28T06:50:21.695045Z"}
[info] i  functions: preparing codebase default for deployment 
[info] i  functions: ensuring required API cloudfunctions.googleapis.com is enabled... 
[debug] [2025-04-29T12:25:32.547Z] Checked if tokens are valid: true, expires at: 1745933080742
[debug] [2025-04-29T12:25:32.548Z] Checked if tokens are valid: true, expires at: 1745933080742
[debug] [2025-04-29T12:25:32.549Z] Checked if tokens are valid: true, expires at: 1745933080742
[debug] [2025-04-29T12:25:32.549Z] Checked if tokens are valid: true, expires at: 1745933080742
[info] i  functions: ensuring required API cloudbuild.googleapis.com is enabled... 
[debug] [2025-04-29T12:25:32.552Z] Checked if tokens are valid: true, expires at: 1745933080742
[debug] [2025-04-29T12:25:32.552Z] Checked if tokens are valid: true, expires at: 1745933080742
[info] i  artifactregistry: ensuring required API artifactregistry.googleapis.com is enabled... 
[debug] [2025-04-29T12:25:32.554Z] Checked if tokens are valid: true, expires at: 1745933080742
[debug] [2025-04-29T12:25:32.554Z] Checked if tokens are valid: true, expires at: 1745933080742
[debug] [2025-04-29T12:25:32.555Z] >>> [apiv2][query] GET https://serviceusage.googleapis.com/v1/projects/pc-operator-d54c0/services/cloudfunctions.googleapis.com [none]
[debug] [2025-04-29T12:25:32.555Z] >>> [apiv2][(partial)header] GET https://serviceusage.googleapis.com/v1/projects/pc-operator-d54c0/services/cloudfunctions.googleapis.com x-goog-quota-user=projects/pc-operator-d54c0
[debug] [2025-04-29T12:25:32.561Z] >>> [apiv2][query] GET https://serviceusage.googleapis.com/v1/projects/pc-operator-d54c0/services/runtimeconfig.googleapis.com [none]
[debug] [2025-04-29T12:25:32.561Z] >>> [apiv2][(partial)header] GET https://serviceusage.googleapis.com/v1/projects/pc-operator-d54c0/services/runtimeconfig.googleapis.com x-goog-quota-user=projects/pc-operator-d54c0
[debug] [2025-04-29T12:25:32.569Z] >>> [apiv2][query] GET https://serviceusage.googleapis.com/v1/projects/pc-operator-d54c0/services/cloudbuild.googleapis.com [none]
[debug] [2025-04-29T12:25:32.570Z] >>> [apiv2][(partial)header] GET https://serviceusage.googleapis.com/v1/projects/pc-operator-d54c0/services/cloudbuild.googleapis.com x-goog-quota-user=projects/pc-operator-d54c0
[debug] [2025-04-29T12:25:32.575Z] >>> [apiv2][query] GET https://serviceusage.googleapis.com/v1/projects/pc-operator-d54c0/services/artifactregistry.googleapis.com [none]
[debug] [2025-04-29T12:25:32.575Z] >>> [apiv2][(partial)header] GET https://serviceusage.googleapis.com/v1/projects/pc-operator-d54c0/services/artifactregistry.googleapis.com x-goog-quota-user=projects/pc-operator-d54c0
[debug] [2025-04-29T12:25:33.004Z] <<< [apiv2][status] GET https://serviceusage.googleapis.com/v1/projects/pc-operator-d54c0/services/cloudfunctions.googleapis.com 200
[debug] [2025-04-29T12:25:33.004Z] <<< [apiv2][body] GET https://serviceusage.googleapis.com/v1/projects/pc-operator-d54c0/services/cloudfunctions.googleapis.com [omitted]
[info] +  functions: required API cloudfunctions.googleapis.com is enabled 
[debug] [2025-04-29T12:25:33.027Z] <<< [apiv2][status] GET https://serviceusage.googleapis.com/v1/projects/pc-operator-d54c0/services/cloudbuild.googleapis.com 200
[debug] [2025-04-29T12:25:33.027Z] <<< [apiv2][body] GET https://serviceusage.googleapis.com/v1/projects/pc-operator-d54c0/services/cloudbuild.googleapis.com [omitted]
[info] +  functions: required API cloudbuild.googleapis.com is enabled 
[debug] [2025-04-29T12:25:33.037Z] <<< [apiv2][status] GET https://serviceusage.googleapis.com/v1/projects/pc-operator-d54c0/services/artifactregistry.googleapis.com 200
[debug] [2025-04-29T12:25:33.038Z] <<< [apiv2][body] GET https://serviceusage.googleapis.com/v1/projects/pc-operator-d54c0/services/artifactregistry.googleapis.com [omitted]
[info] +  artifactregistry: required API artifactregistry.googleapis.com is enabled 
[debug] [2025-04-29T12:25:33.065Z] <<< [apiv2][status] GET https://serviceusage.googleapis.com/v1/projects/pc-operator-d54c0/services/runtimeconfig.googleapis.com 200
[debug] [2025-04-29T12:25:33.067Z] <<< [apiv2][body] GET https://serviceusage.googleapis.com/v1/projects/pc-operator-d54c0/services/runtimeconfig.googleapis.com [omitted]
[debug] [2025-04-29T12:25:33.068Z] Checked if tokens are valid: true, expires at: 1745933080742
[debug] [2025-04-29T12:25:33.068Z] Checked if tokens are valid: true, expires at: 1745933080742
[debug] [2025-04-29T12:25:33.069Z] >>> [apiv2][query] GET https://firebase.googleapis.com/v1beta1/projects/pc-operator-d54c0/adminSdkConfig [none]
[debug] [2025-04-29T12:25:33.679Z] <<< [apiv2][status] GET https://firebase.googleapis.com/v1beta1/projects/pc-operator-d54c0/adminSdkConfig 200
[debug] [2025-04-29T12:25:33.680Z] <<< [apiv2][body] GET https://firebase.googleapis.com/v1beta1/projects/pc-operator-d54c0/adminSdkConfig {"projectId":"pc-operator-d54c0","storageBucket":"pc-operator-d54c0.firebasestorage.app"}
[debug] [2025-04-29T12:25:33.682Z] Checked if tokens are valid: true, expires at: 1745933080742
[debug] [2025-04-29T12:25:33.682Z] Checked if tokens are valid: true, expires at: 1745933080742
[debug] [2025-04-29T12:25:33.684Z] >>> [apiv2][query] GET https://runtimeconfig.googleapis.com/v1beta1/projects/pc-operator-d54c0/configs [none]
[debug] [2025-04-29T12:25:33.978Z] <<< [apiv2][status] GET https://runtimeconfig.googleapis.com/v1beta1/projects/pc-operator-d54c0/configs 200
[debug] [2025-04-29T12:25:33.979Z] <<< [apiv2][body] GET https://runtimeconfig.googleapis.com/v1beta1/projects/pc-operator-d54c0/configs {}
[debug] [2025-04-29T12:25:33.982Z] Validating nodejs source
[debug] [2025-04-29T12:25:35.721Z] > [functions] package.json contents: {
  "name": "pc-operator-functions",
  "version": "1.0.0",
  "main": "index.js",
  "engines": {
    "node": "22"
  },
  "private": true,
  "scripts": {
    "lint": "echo Skip lint",
    "serve": "firebase emulators:start --only functions",
    "deploy": "firebase deploy --only functions",
    "logs": "firebase functions:log"
  },
  "dependencies": {
    "firebase-admin": "^12.6.0",
    "firebase-functions": "^6.0.1",
    "cors": "^2.8.5",
    "dotenv": "^16.4.0"
  },
  "devDependencies": {
    "eslint": "^8.15.0",
    "eslint-config-google": "^0.14.0"
  }
}
[debug] [2025-04-29T12:25:35.721Z] Building nodejs source
[info] i  functions: Loading and analyzing source code for codebase default to determine what to deploy 
[debug] [2025-04-29T12:25:35.722Z] Could not find functions.yaml. Must use http discovery
[debug] [2025-04-29T12:25:35.734Z] Found firebase-functions binary at 'C:\Users\Satan\pc-operator\functions\node_modules\.bin\firebase-functions'
[info] Serving at port 8598

[debug] [2025-04-29T12:25:36.922Z] Got response from /__/functions.yaml {"endpoints":{"enqueueCommand":{"availableMemoryMb":null,"timeoutSeconds":null,"minInstances":null,"maxInstances":null,"ingressSettings":null,"concurrency":null,"serviceAccountEmail":null,"vpc":null,"platform":"gcfv2","labels":{},"httpsTrigger":{},"entryPoint":"enqueueCommand"}},"specVersion":"v1alpha1","requiredAPIs":[],"extensions":{}}
[info] i  extensions: ensuring required API firebaseextensions.googleapis.com is enabled... 
[debug] [2025-04-29T12:25:41.013Z] Checked if tokens are valid: true, expires at: 1745933080742
[debug] [2025-04-29T12:25:41.013Z] Checked if tokens are valid: true, expires at: 1745933080742
[debug] [2025-04-29T12:25:41.014Z] >>> [apiv2][query] GET https://serviceusage.googleapis.com/v1/projects/pc-operator-d54c0/services/firebaseextensions.googleapis.com [none]
[debug] [2025-04-29T12:25:41.015Z] >>> [apiv2][(partial)header] GET https://serviceusage.googleapis.com/v1/projects/pc-operator-d54c0/services/firebaseextensions.googleapis.com x-goog-quota-user=projects/pc-operator-d54c0
[debug] [2025-04-29T12:25:41.659Z] <<< [apiv2][status] GET https://serviceusage.googleapis.com/v1/projects/pc-operator-d54c0/services/firebaseextensions.googleapis.com 200
[debug] [2025-04-29T12:25:41.659Z] <<< [apiv2][body] GET https://serviceusage.googleapis.com/v1/projects/pc-operator-d54c0/services/firebaseextensions.googleapis.com [omitted]
[info] +  extensions: required API firebaseextensions.googleapis.com is enabled 
[debug] [2025-04-29T12:25:41.663Z] > command requires scopes: ["email","openid","https://www.googleapis.com/auth/cloudplatformprojects.readonly","https://www.googleapis.com/auth/firebase","https://www.googleapis.com/auth/cloud-platform"]
[debug] [2025-04-29T12:25:41.664Z] > authorizing via signed-in user (damienlovemusic@gmail.com)
[debug] [2025-04-29T12:25:41.665Z] [iam] checking project pc-operator-d54c0 for permissions ["firebase.projects.get","firebaseextensions.instances.list"]
[debug] [2025-04-29T12:25:41.666Z] Checked if tokens are valid: true, expires at: 1745933080742
[debug] [2025-04-29T12:25:41.666Z] Checked if tokens are valid: true, expires at: 1745933080742
[debug] [2025-04-29T12:25:41.667Z] >>> [apiv2][query] POST https://cloudresourcemanager.googleapis.com/v1/projects/pc-operator-d54c0:testIamPermissions [none]
[debug] [2025-04-29T12:25:41.667Z] >>> [apiv2][(partial)header] POST https://cloudresourcemanager.googleapis.com/v1/projects/pc-operator-d54c0:testIamPermissions x-goog-quota-user=projects/pc-operator-d54c0
[debug] [2025-04-29T12:25:41.668Z] >>> [apiv2][body] POST https://cloudresourcemanager.googleapis.com/v1/projects/pc-operator-d54c0:testIamPermissions {"permissions":["firebase.projects.get","firebaseextensions.instances.list"]}
[debug] [2025-04-29T12:25:41.957Z] <<< [apiv2][status] POST https://cloudresourcemanager.googleapis.com/v1/projects/pc-operator-d54c0:testIamPermissions 200
[debug] [2025-04-29T12:25:41.958Z] <<< [apiv2][body] POST https://cloudresourcemanager.googleapis.com/v1/projects/pc-operator-d54c0:testIamPermissions {"permissions":["firebase.projects.get","firebaseextensions.instances.list"]}
[debug] [2025-04-29T12:25:41.960Z] Checked if tokens are valid: true, expires at: 1745933080742
[debug] [2025-04-29T12:25:41.960Z] Checked if tokens are valid: true, expires at: 1745933080742
[debug] [2025-04-29T12:25:41.961Z] >>> [apiv2][query] GET https://firebaseextensions.googleapis.com/v1beta/projects/pc-operator-d54c0/instances pageSize=100&pageToken=
[debug] [2025-04-29T12:25:42.431Z] <<< [apiv2][status] GET https://firebaseextensions.googleapis.com/v1beta/projects/pc-operator-d54c0/instances 200
[debug] [2025-04-29T12:25:42.431Z] <<< [apiv2][body] GET https://firebaseextensions.googleapis.com/v1beta/projects/pc-operator-d54c0/instances {}
[info] i  functions: Loaded environment variables from .env. 
[info] i  functions: preparing functions directory for uploading... 
[info] i  functions: packaged C:\Users\Satan\pc-operator\functions (42.54 KB) for uploading 
[debug] [2025-04-29T12:25:42.627Z] Checked if tokens are valid: true, expires at: 1745933080742
[debug] [2025-04-29T12:25:42.627Z] Checked if tokens are valid: true, expires at: 1745933080742
[debug] [2025-04-29T12:25:42.628Z] >>> [apiv2][query] GET https://cloudfunctions.googleapis.com/v1/projects/pc-operator-d54c0/locations/-/functions [none]
[debug] [2025-04-29T12:25:43.259Z] <<< [apiv2][status] GET https://cloudfunctions.googleapis.com/v1/projects/pc-operator-d54c0/locations/-/functions 200
[debug] [2025-04-29T12:25:43.260Z] <<< [apiv2][body] GET https://cloudfunctions.googleapis.com/v1/projects/pc-operator-d54c0/locations/-/functions {}
[debug] [2025-04-29T12:25:43.262Z] Checked if tokens are valid: true, expires at: 1745933080742
[debug] [2025-04-29T12:25:43.263Z] Checked if tokens are valid: true, expires at: 1745933080742
[debug] [2025-04-29T12:25:43.265Z] >>> [apiv2][query] GET https://cloudfunctions.googleapis.com/v2/projects/pc-operator-d54c0/locations/-/functions filter=environment%3D%22GEN_2%22
[debug] [2025-04-29T12:25:43.766Z] <<< [apiv2][status] GET https://cloudfunctions.googleapis.com/v2/projects/pc-operator-d54c0/locations/-/functions 200
[debug] [2025-04-29T12:25:43.767Z] <<< [apiv2][body] GET https://cloudfunctions.googleapis.com/v2/projects/pc-operator-d54c0/locations/-/functions {"functions":[{"name":"projects/pc-operator-d54c0/locations/us-central1/functions/enqueueCommand","buildConfig":{"build":"projects/983134400636/locations/us-central1/builds/3840b557-9663-4797-a9c1-20158ca2034f","runtime":"nodejs22","entryPoint":"enqueueCommand","source":{"storageSource":{"bucket":"gcf-v2-sources-983134400636-us-central1","object":"enqueueCommand/function-source.zip","generation":"1745880472986513"}},"environmentVariables":{"GOOGLE_NODE_RUN_SCRIPTS":""},"dockerRepository":"projects/pc-operator-d54c0/locations/us-central1/repositories/gcf-artifacts","sourceProvenance":{"resolvedStorageSource":{"bucket":"gcf-v2-sources-983134400636-us-central1","object":"enqueueCommand/function-source.zip","generation":"1745880472986513"}},"dockerRegistry":"ARTIFACT_REGISTRY","serviceAccount":"projects/pc-operator-d54c0/serviceAccounts/983134400636-compute@developer.gserviceaccount.com","automaticUpdatePolicy":{}},"serviceConfig":{"service":"projects/pc-operator-d54c0/locations/us-central1/services/enqueuecommand","timeoutSeconds":60,"environmentVariables":{"API_SECRET":"xsuperSecretLongTokenx","FIREBASE_CONFIG":"{\"projectId\":\"pc-operator-d54c0\",\"storageBucket\":\"pc-operator-d54c0.firebasestorage.app\"}","GCLOUD_PROJECT":"pc-operator-d54c0","EVENTARC_CLOUD_EVENT_SOURCE":"projects/pc-operator-d54c0/locations/us-central1/services/enqueueCommand","FUNCTION_TARGET":"enqueueCommand","LOG_EXECUTION_ID":"true"},"maxInstanceCount":3,"ingressSettings":"ALLOW_ALL","uri":"https://enqueuecommand-gilg263jja-uc.a.run.app","serviceAccountEmail":"983134400636-compute@developer.gserviceaccount.com","availableMemory":"256Mi","allTrafficOnLatestRevision":true,"revision":"enqueuecommand-00004-huc","maxInstanceRequestConcurrency":80,"availableCpu":"1"},"state":"DEPLOYING","updateTime":"2025-04-29T12:24:59.506817978Z","labels":{"deployment-tool":"cli-firebase","firebase-functions-hash":"18b138400311eba1afa24e48489175969b76aa97"},"environment":"GEN_2","url":"https://us-central1-pc-operator-d54c0.cloudfunctions.net/enqueueCommand","createTime":"2025-04-28T09:43:22.884168192Z","satisfiesPzi":true}]}
[info] i  functions: ensuring required API run.googleapis.com is enabled... 
[debug] [2025-04-29T12:25:43.780Z] Checked if tokens are valid: true, expires at: 1745933080742
[debug] [2025-04-29T12:25:43.781Z] Checked if tokens are valid: true, expires at: 1745933080742
[info] i  functions: ensuring required API eventarc.googleapis.com is enabled... 
[debug] [2025-04-29T12:25:43.783Z] Checked if tokens are valid: true, expires at: 1745933080742
[debug] [2025-04-29T12:25:43.783Z] Checked if tokens are valid: true, expires at: 1745933080742
[info] i  functions: ensuring required API pubsub.googleapis.com is enabled... 
[debug] [2025-04-29T12:25:43.785Z] Checked if tokens are valid: true, expires at: 1745933080742
[debug] [2025-04-29T12:25:43.786Z] Checked if tokens are valid: true, expires at: 1745933080742
[info] i  functions: ensuring required API storage.googleapis.com is enabled... 
[debug] [2025-04-29T12:25:43.788Z] Checked if tokens are valid: true, expires at: 1745933080742
[debug] [2025-04-29T12:25:43.788Z] Checked if tokens are valid: true, expires at: 1745933080742
[debug] [2025-04-29T12:25:43.789Z] >>> [apiv2][query] GET https://serviceusage.googleapis.com/v1/projects/pc-operator-d54c0/services/run.googleapis.com [none]
[debug] [2025-04-29T12:25:43.789Z] >>> [apiv2][(partial)header] GET https://serviceusage.googleapis.com/v1/projects/pc-operator-d54c0/services/run.googleapis.com x-goog-quota-user=projects/pc-operator-d54c0
[debug] [2025-04-29T12:25:43.791Z] >>> [apiv2][query] GET https://serviceusage.googleapis.com/v1/projects/pc-operator-d54c0/services/eventarc.googleapis.com [none]
[debug] [2025-04-29T12:25:43.791Z] >>> [apiv2][(partial)header] GET https://serviceusage.googleapis.com/v1/projects/pc-operator-d54c0/services/eventarc.googleapis.com x-goog-quota-user=projects/pc-operator-d54c0
[debug] [2025-04-29T12:25:43.800Z] >>> [apiv2][query] GET https://serviceusage.googleapis.com/v1/projects/pc-operator-d54c0/services/pubsub.googleapis.com [none]
[debug] [2025-04-29T12:25:43.801Z] >>> [apiv2][(partial)header] GET https://serviceusage.googleapis.com/v1/projects/pc-operator-d54c0/services/pubsub.googleapis.com x-goog-quota-user=projects/pc-operator-d54c0
[debug] [2025-04-29T12:25:43.808Z] >>> [apiv2][query] GET https://serviceusage.googleapis.com/v1/projects/pc-operator-d54c0/services/storage.googleapis.com [none]
[debug] [2025-04-29T12:25:43.808Z] >>> [apiv2][(partial)header] GET https://serviceusage.googleapis.com/v1/projects/pc-operator-d54c0/services/storage.googleapis.com x-goog-quota-user=projects/pc-operator-d54c0
[debug] [2025-04-29T12:25:44.056Z] <<< [apiv2][status] GET https://serviceusage.googleapis.com/v1/projects/pc-operator-d54c0/services/run.googleapis.com 200
[debug] [2025-04-29T12:25:44.057Z] <<< [apiv2][body] GET https://serviceusage.googleapis.com/v1/projects/pc-operator-d54c0/services/run.googleapis.com [omitted]
[info] +  functions: required API run.googleapis.com is enabled 
[debug] [2025-04-29T12:25:44.180Z] <<< [apiv2][status] GET https://serviceusage.googleapis.com/v1/projects/pc-operator-d54c0/services/pubsub.googleapis.com 200
[debug] [2025-04-29T12:25:44.181Z] <<< [apiv2][body] GET https://serviceusage.googleapis.com/v1/projects/pc-operator-d54c0/services/pubsub.googleapis.com [omitted]
[info] +  functions: required API pubsub.googleapis.com is enabled 
[debug] [2025-04-29T12:25:44.211Z] <<< [apiv2][status] GET https://serviceusage.googleapis.com/v1/projects/pc-operator-d54c0/services/eventarc.googleapis.com 200
[debug] [2025-04-29T12:25:44.212Z] <<< [apiv2][body] GET https://serviceusage.googleapis.com/v1/projects/pc-operator-d54c0/services/eventarc.googleapis.com [omitted]
[info] +  functions: required API eventarc.googleapis.com is enabled 
[debug] [2025-04-29T12:25:44.225Z] <<< [apiv2][status] GET https://serviceusage.googleapis.com/v1/projects/pc-operator-d54c0/services/storage.googleapis.com 200
[debug] [2025-04-29T12:25:44.225Z] <<< [apiv2][body] GET https://serviceusage.googleapis.com/v1/projects/pc-operator-d54c0/services/storage.googleapis.com [omitted]
[info] +  functions: required API storage.googleapis.com is enabled 
[info] i  functions: generating the service identity for pubsub.googleapis.com... 
[debug] [2025-04-29T12:25:44.229Z] Checked if tokens are valid: true, expires at: 1745933080742
[debug] [2025-04-29T12:25:44.229Z] Checked if tokens are valid: true, expires at: 1745933080742
[info] i  functions: generating the service identity for eventarc.googleapis.com... 
[debug] [2025-04-29T12:25:44.232Z] Checked if tokens are valid: true, expires at: 1745933080742
[debug] [2025-04-29T12:25:44.233Z] Checked if tokens are valid: true, expires at: 1745933080742
[debug] [2025-04-29T12:25:44.234Z] >>> [apiv2][query] POST https://serviceusage.googleapis.com/v1beta1/projects/983134400636/services/pubsub.googleapis.com:generateServiceIdentity [none]
[debug] [2025-04-29T12:25:44.236Z] >>> [apiv2][query] POST https://serviceusage.googleapis.com/v1beta1/projects/983134400636/services/eventarc.googleapis.com:generateServiceIdentity [none]
[debug] [2025-04-29T12:25:44.505Z] <<< [apiv2][status] POST https://serviceusage.googleapis.com/v1beta1/projects/983134400636/services/pubsub.googleapis.com:generateServiceIdentity 200
[debug] [2025-04-29T12:25:44.506Z] <<< [apiv2][body] POST https://serviceusage.googleapis.com/v1beta1/projects/983134400636/services/pubsub.googleapis.com:generateServiceIdentity {"name":"operations/finished.DONE_OPERATION","done":true,"response":{"@type":"type.googleapis.com/google.api.serviceusage.v1beta1.ServiceIdentity","email":"service-983134400636@gcp-sa-pubsub.iam.gserviceaccount.com","uniqueId":"111406029143303653263"}}
[debug] [2025-04-29T12:25:44.537Z] <<< [apiv2][status] POST https://serviceusage.googleapis.com/v1beta1/projects/983134400636/services/eventarc.googleapis.com:generateServiceIdentity 200
[debug] [2025-04-29T12:25:44.537Z] <<< [apiv2][body] POST https://serviceusage.googleapis.com/v1beta1/projects/983134400636/services/eventarc.googleapis.com:generateServiceIdentity {"name":"operations/finished.DONE_OPERATION","done":true,"response":{"@type":"type.googleapis.com/google.api.serviceusage.v1beta1.ServiceIdentity","email":"service-983134400636@gcp-sa-eventarc.iam.gserviceaccount.com","uniqueId":"105621574095628981261"}}
[debug] [2025-04-29T12:25:44.544Z] Checked if tokens are valid: true, expires at: 1745933080742
[debug] [2025-04-29T12:25:44.545Z] Checked if tokens are valid: true, expires at: 1745933080742
[debug] [2025-04-29T12:25:44.545Z] >>> [apiv2][query] GET https://cloudresourcemanager.googleapis.com/v1/projects/pc-operator-d54c0 [none]
[debug] [2025-04-29T12:25:44.669Z] <<< [apiv2][status] GET https://cloudresourcemanager.googleapis.com/v1/projects/pc-operator-d54c0 200
[debug] [2025-04-29T12:25:44.670Z] <<< [apiv2][body] GET https://cloudresourcemanager.googleapis.com/v1/projects/pc-operator-d54c0 {"projectNumber":"983134400636","projectId":"pc-operator-d54c0","lifecycleState":"ACTIVE","name":"PC-OPERATOR","labels":{"firebase":"enabled","firebase-core":"disabled"},"createTime":"2025-04-28T06:50:21.695045Z"}
[debug] [2025-04-29T12:25:44.674Z] Checked if tokens are valid: true, expires at: 1745933080742
[debug] [2025-04-29T12:25:44.675Z] Checked if tokens are valid: true, expires at: 1745933080742
[debug] [2025-04-29T12:25:44.675Z] >>> [apiv2][query] GET https://cloudbilling.googleapis.com/v1/projects/pc-operator-d54c0/billingInfo [none]
[debug] [2025-04-29T12:25:44.942Z] <<< [apiv2][status] GET https://cloudbilling.googleapis.com/v1/projects/pc-operator-d54c0/billingInfo 200
[debug] [2025-04-29T12:25:44.942Z] <<< [apiv2][body] GET https://cloudbilling.googleapis.com/v1/projects/pc-operator-d54c0/billingInfo {"name":"projects/pc-operator-d54c0/billingInfo","projectId":"pc-operator-d54c0","billingAccountName":"billingAccounts/01E923-78619F-6B9467","billingEnabled":true}
[debug] [2025-04-29T12:25:44.949Z] Checked if tokens are valid: true, expires at: 1745933080742
[debug] [2025-04-29T12:25:44.950Z] Checked if tokens are valid: true, expires at: 1745933080742
[debug] [2025-04-29T12:25:44.950Z] >>> [apiv2][query] POST https://cloudfunctions.googleapis.com/v2/projects/pc-operator-d54c0/locations/us-central1/functions:generateUploadUrl [none]
[debug] [2025-04-29T12:25:45.235Z] <<< [apiv2][status] POST https://cloudfunctions.googleapis.com/v2/projects/pc-operator-d54c0/locations/us-central1/functions:generateUploadUrl 200
[debug] [2025-04-29T12:25:45.235Z] <<< [apiv2][body] POST https://cloudfunctions.googleapis.com/v2/projects/pc-operator-d54c0/locations/us-central1/functions:generateUploadUrl {"uploadUrl":"https://storage.googleapis.com/gcf-v2-uploads-983134400636.us-central1.cloudfunctions.appspot.com/30cbecfe-78da-4e1f-9c15-c1daaad1885d.zip?GoogleAccessId=service-983134400636@gcf-admin-robot.iam.gserviceaccount.com&Expires=1745931346&Signature=sVhd6SmkwVJ4wF%2FFFNTZ9avv7c0FBYYWuOTjQJf6X5uAoIrphMtMF8hrizpyrgUyR0%2FaIOh8gYH972hR8LdbpfbEHRfRx0%2Bj5IIuNWrpw4o9qheos9ZJKBVopRMe9%2FpuzBoIbmUV6IL8e1AsML25yfgwRQ8SWR77LSfFKgLyHnDhFOzQpyWUp991C1EQ25F82uF7Jrod3B2HvyIIkq3eB36Pl%2BZGwswJnGAs6Wt%2Fr7v%2FXw5gqr2AG5gfvQ5UreqXXFon7NUNlJUiO4l45OkWnzQUv9XLTzue%2Fj08s7bRW2Op%2Fi%2FbP0VhxqP%2FFoYFbeygXHgLFqG5yN3%2B52vxIfe3SA%3D%3D","storageSource":{"bucket":"gcf-v2-uploads-983134400636.us-central1.cloudfunctions.appspot.com","object":"30cbecfe-78da-4e1f-9c15-c1daaad1885d.zip"}}
[debug] [2025-04-29T12:25:45.238Z] >>> [apiv2][query] PUT https://storage.googleapis.com/gcf-v2-uploads-983134400636.us-central1.cloudfunctions.appspot.com/30cbecfe-78da-4e1f-9c15-c1daaad1885d.zip GoogleAccessId=service-983134400636%40gcf-admin-robot.iam.gserviceaccount.com&Expires=1745931346&Signature=sVhd6SmkwVJ4wF%2FFFNTZ9avv7c0FBYYWuOTjQJf6X5uAoIrphMtMF8hrizpyrgUyR0%2FaIOh8gYH972hR8LdbpfbEHRfRx0%2Bj5IIuNWrpw4o9qheos9ZJKBVopRMe9%2FpuzBoIbmUV6IL8e1AsML25yfgwRQ8SWR77LSfFKgLyHnDhFOzQpyWUp991C1EQ25F82uF7Jrod3B2HvyIIkq3eB36Pl%2BZGwswJnGAs6Wt%2Fr7v%2FXw5gqr2AG5gfvQ5UreqXXFon7NUNlJUiO4l45OkWnzQUv9XLTzue%2Fj08s7bRW2Op%2Fi%2FbP0VhxqP%2FFoYFbeygXHgLFqG5yN3%2B52vxIfe3SA%3D%3D
[debug] [2025-04-29T12:25:45.238Z] >>> [apiv2][body] PUT https://storage.googleapis.com/gcf-v2-uploads-983134400636.us-central1.cloudfunctions.appspot.com/30cbecfe-78da-4e1f-9c15-c1daaad1885d.zip [stream]
[debug] [2025-04-29T12:25:46.057Z] <<< [apiv2][status] PUT https://storage.googleapis.com/gcf-v2-uploads-983134400636.us-central1.cloudfunctions.appspot.com/30cbecfe-78da-4e1f-9c15-c1daaad1885d.zip 200
[debug] [2025-04-29T12:25:46.057Z] <<< [apiv2][body] PUT https://storage.googleapis.com/gcf-v2-uploads-983134400636.us-central1.cloudfunctions.appspot.com/30cbecfe-78da-4e1f-9c15-c1daaad1885d.zip [omitted]
[info] +  functions: functions folder uploaded successfully 
[info] i  functions: updating Node.js 22 (2nd Gen) function enqueueCommand(us-central1)... 
[debug] [2025-04-29T12:25:46.068Z] Checked if tokens are valid: true, expires at: 1745933080742
[debug] [2025-04-29T12:25:46.069Z] Checked if tokens are valid: true, expires at: 1745933080742
[debug] [2025-04-29T12:25:46.069Z] >>> [apiv2][query] PATCH https://cloudfunctions.googleapis.com/v2/projects/pc-operator-d54c0/locations/us-central1/functions/enqueueCommand updateMask=name%2CbuildConfig.runtime%2CbuildConfig.entryPoint%2CbuildConfig.source.storageSource.bucket%2CbuildConfig.source.storageSource.object%2CbuildConfig.environmentVariables%2CbuildConfig.sourceToken%2CserviceConfig.environmentVariables%2CserviceConfig.ingressSettings%2CserviceConfig.timeoutSeconds%2CserviceConfig.serviceAccountEmail%2CserviceConfig.availableMemory%2CserviceConfig.minInstanceCount%2CserviceConfig.maxInstanceCount%2CserviceConfig.maxInstanceRequestConcurrency%2CserviceConfig.availableCpu%2CserviceConfig.vpcConnector%2CserviceConfig.vpcConnectorEgressSettings%2Clabels%2CbuildConfig.buildEnvironmentVariables
[debug] [2025-04-29T12:25:46.069Z] >>> [apiv2][body] PATCH https://cloudfunctions.googleapis.com/v2/projects/pc-operator-d54c0/locations/us-central1/functions/enqueueCommand {"name":"projects/pc-operator-d54c0/locations/us-central1/functions/enqueueCommand","buildConfig":{"runtime":"nodejs22","entryPoint":"enqueueCommand","source":{"storageSource":{"bucket":"gcf-v2-uploads-983134400636.us-central1.cloudfunctions.appspot.com","object":"30cbecfe-78da-4e1f-9c15-c1daaad1885d.zip"}},"environmentVariables":{"GOOGLE_NODE_RUN_SCRIPTS":""}},"serviceConfig":{"environmentVariables":{"API_SECRET":"xsuperSecretLongTokenx","FIREBASE_CONFIG":"{\"projectId\":\"pc-operator-d54c0\",\"storageBucket\":\"pc-operator-d54c0.firebasestorage.app\"}","GCLOUD_PROJECT":"pc-operator-d54c0","EVENTARC_CLOUD_EVENT_SOURCE":"projects/pc-operator-d54c0/locations/us-central1/services/enqueueCommand","FUNCTION_TARGET":"enqueueCommand","LOG_EXECUTION_ID":"true"},"ingressSettings":null,"timeoutSeconds":null,"serviceAccountEmail":null,"availableMemory":"256Mi","minInstanceCount":null,"maxInstanceCount":null,"maxInstanceRequestConcurrency":80,"availableCpu":"1","vpcConnector":null,"vpcConnectorEgressSettings":null},"labels":{"deployment-tool":"cli-firebase","firebase-functions-hash":"18b138400311eba1afa24e48489175969b76aa97"}}
[debug] [2025-04-29T12:25:47.039Z] <<< [apiv2][status] PATCH https://cloudfunctions.googleapis.com/v2/projects/pc-operator-d54c0/locations/us-central1/functions/enqueueCommand 409
[debug] [2025-04-29T12:25:47.039Z] <<< [apiv2][body] PATCH https://cloudfunctions.googleapis.com/v2/projects/pc-operator-d54c0/locations/us-central1/functions/enqueueCommand {"error":{"code":409,"message":"unable to queue the operation","status":"ABORTED","details":[{"@type":"type.googleapis.com/google.rpc.ResourceInfo","resourceName":"projects/pc-operator-d54c0/locations/us-central1/functions/enqueueCommand"}]}}
[warn] !  functions: Request to https://cloudfunctions.googleapis.com/v2/projects/pc-operator-d54c0/locations/us-central1/functions/enqueueCommand?updateMask=name%2CbuildConfig.runtime%2CbuildConfig.entryPoint%2CbuildConfig.source.storageSource.bucket%2CbuildConfig.source.storageSource.object%2CbuildConfig.environmentVariables%2CbuildConfig.sourceToken%2CserviceConfig.environmentVariables%2CserviceConfig.ingressSettings%2CserviceConfig.timeoutSeconds%2CserviceConfig.serviceAccountEmail%2CserviceConfig.availableMemory%2CserviceConfig.minInstanceCount%2CserviceConfig.maxInstanceCount%2CserviceConfig.maxInstanceRequestConcurrency%2CserviceConfig.availableCpu%2CserviceConfig.vpcConnector%2CserviceConfig.vpcConnectorEgressSettings%2Clabels%2CbuildConfig.buildEnvironmentVariables had HTTP Error: 409, unable to queue the operation 
[warn] !  functions:  failed to update function projects/pc-operator-d54c0/locations/us-central1/functions/enqueueCommand 
