[debug] [2025-04-28T22:47:38.321Z] ----------------------------------------------------------------------
[debug] [2025-04-28T22:47:38.325Z] Command:       C:\Program Files\nodejs\node.exe C:\Users\SATAN\AppData\Roaming\npm\node_modules\firebase-tools\lib\bin\firebase.js deploy --only functions:enqueueCommand --force
[debug] [2025-04-28T22:47:38.326Z] CLI Version:   14.2.1
[debug] [2025-04-28T22:47:38.326Z] Platform:      win32
[debug] [2025-04-28T22:47:38.326Z] Node Version:  v23.11.0
[debug] [2025-04-28T22:47:38.327Z] Time:          Mon Apr 28 2025 16:47:38 GMT-0600 (Mountain Daylight Time)
[debug] [2025-04-28T22:47:38.327Z] ----------------------------------------------------------------------
[debug] 
[debug] [2025-04-28T22:47:38.640Z] > command requires scopes: ["email","openid","https://www.googleapis.com/auth/cloudplatformprojects.readonly","https://www.googleapis.com/auth/firebase","https://www.googleapis.com/auth/cloud-platform"]
[debug] [2025-04-28T22:47:38.641Z] > authorizing via signed-in user (damienlovemusic@gmail.com)
[debug] [2025-04-28T22:47:38.641Z] [iam] checking project pc-operator-d54c0 for permissions ["cloudfunctions.functions.create","cloudfunctions.functions.delete","cloudfunctions.functions.get","cloudfunctions.functions.list","cloudfunctions.functions.update","cloudfunctions.operations.get","firebase.projects.get"]
[debug] [2025-04-28T22:47:38.643Z] Checked if tokens are valid: true, expires at: 1745882198275
[debug] [2025-04-28T22:47:38.643Z] Checked if tokens are valid: true, expires at: 1745882198275
[debug] [2025-04-28T22:47:38.645Z] >>> [apiv2][query] POST https://cloudresourcemanager.googleapis.com/v1/projects/pc-operator-d54c0:testIamPermissions [none]
[debug] [2025-04-28T22:47:38.645Z] >>> [apiv2][(partial)header] POST https://cloudresourcemanager.googleapis.com/v1/projects/pc-operator-d54c0:testIamPermissions x-goog-quota-user=projects/pc-operator-d54c0
[debug] [2025-04-28T22:47:38.645Z] >>> [apiv2][body] POST https://cloudresourcemanager.googleapis.com/v1/projects/pc-operator-d54c0:testIamPermissions {"permissions":["cloudfunctions.functions.create","cloudfunctions.functions.delete","cloudfunctions.functions.get","cloudfunctions.functions.list","cloudfunctions.functions.update","cloudfunctions.operations.get","firebase.projects.get"]}
[debug] [2025-04-28T22:47:39.147Z] <<< [apiv2][status] POST https://cloudresourcemanager.googleapis.com/v1/projects/pc-operator-d54c0:testIamPermissions 200
[debug] [2025-04-28T22:47:39.147Z] <<< [apiv2][body] POST https://cloudresourcemanager.googleapis.com/v1/projects/pc-operator-d54c0:testIamPermissions {"permissions":["cloudfunctions.functions.create","cloudfunctions.functions.delete","cloudfunctions.functions.get","cloudfunctions.functions.list","cloudfunctions.functions.update","cloudfunctions.operations.get","firebase.projects.get"]}
[debug] [2025-04-28T22:47:39.147Z] Checked if tokens are valid: true, expires at: 1745882198275
[debug] [2025-04-28T22:47:39.147Z] Checked if tokens are valid: true, expires at: 1745882198275
[debug] [2025-04-28T22:47:39.148Z] >>> [apiv2][query] POST https://iam.googleapis.com/v1/projects/pc-operator-d54c0/serviceAccounts/pc-operator-d54c0@appspot.gserviceaccount.com:testIamPermissions [none]
[debug] [2025-04-28T22:47:39.148Z] >>> [apiv2][body] POST https://iam.googleapis.com/v1/projects/pc-operator-d54c0/serviceAccounts/pc-operator-d54c0@appspot.gserviceaccount.com:testIamPermissions {"permissions":["iam.serviceAccounts.actAs"]}
[debug] [2025-04-28T22:47:39.522Z] <<< [apiv2][status] POST https://iam.googleapis.com/v1/projects/pc-operator-d54c0/serviceAccounts/pc-operator-d54c0@appspot.gserviceaccount.com:testIamPermissions 200
[debug] [2025-04-28T22:47:39.523Z] <<< [apiv2][body] POST https://iam.googleapis.com/v1/projects/pc-operator-d54c0/serviceAccounts/pc-operator-d54c0@appspot.gserviceaccount.com:testIamPermissions {"permissions":["iam.serviceAccounts.actAs"]}
[info] 
[info] === Deploying to 'pc-operator-d54c0'...
[info] 
[info] i  deploying functions 
[debug] [2025-04-28T22:47:39.528Z] Checked if tokens are valid: true, expires at: 1745882198275
[debug] [2025-04-28T22:47:39.528Z] Checked if tokens are valid: true, expires at: 1745882198275
[debug] [2025-04-28T22:47:39.529Z] >>> [apiv2][query] GET https://cloudresourcemanager.googleapis.com/v1/projects/pc-operator-d54c0 [none]
[debug] [2025-04-28T22:47:39.642Z] <<< [apiv2][status] GET https://cloudresourcemanager.googleapis.com/v1/projects/pc-operator-d54c0 200
[debug] [2025-04-28T22:47:39.642Z] <<< [apiv2][body] GET https://cloudresourcemanager.googleapis.com/v1/projects/pc-operator-d54c0 {"projectNumber":"983134400636","projectId":"pc-operator-d54c0","lifecycleState":"ACTIVE","name":"PC-OPERATOR","labels":{"firebase":"enabled","firebase-core":"disabled"},"createTime":"2025-04-28T06:50:21.695045Z"}
[info] i  functions: preparing codebase default for deployment 
[info] i  functions: ensuring required API cloudfunctions.googleapis.com is enabled... 
[debug] [2025-04-28T22:47:39.645Z] Checked if tokens are valid: true, expires at: 1745882198275
[debug] [2025-04-28T22:47:39.645Z] Checked if tokens are valid: true, expires at: 1745882198275
[debug] [2025-04-28T22:47:39.645Z] Checked if tokens are valid: true, expires at: 1745882198275
[debug] [2025-04-28T22:47:39.645Z] Checked if tokens are valid: true, expires at: 1745882198275
[info] i  functions: ensuring required API cloudbuild.googleapis.com is enabled... 
[debug] [2025-04-28T22:47:39.646Z] Checked if tokens are valid: true, expires at: 1745882198275
[debug] [2025-04-28T22:47:39.646Z] Checked if tokens are valid: true, expires at: 1745882198275
[info] i  artifactregistry: ensuring required API artifactregistry.googleapis.com is enabled... 
[debug] [2025-04-28T22:47:39.646Z] Checked if tokens are valid: true, expires at: 1745882198275
[debug] [2025-04-28T22:47:39.646Z] Checked if tokens are valid: true, expires at: 1745882198275
[debug] [2025-04-28T22:47:39.646Z] >>> [apiv2][query] GET https://serviceusage.googleapis.com/v1/projects/pc-operator-d54c0/services/cloudfunctions.googleapis.com [none]
[debug] [2025-04-28T22:47:39.646Z] >>> [apiv2][(partial)header] GET https://serviceusage.googleapis.com/v1/projects/pc-operator-d54c0/services/cloudfunctions.googleapis.com x-goog-quota-user=projects/pc-operator-d54c0
[debug] [2025-04-28T22:47:39.648Z] >>> [apiv2][query] GET https://serviceusage.googleapis.com/v1/projects/pc-operator-d54c0/services/runtimeconfig.googleapis.com [none]
[debug] [2025-04-28T22:47:39.648Z] >>> [apiv2][(partial)header] GET https://serviceusage.googleapis.com/v1/projects/pc-operator-d54c0/services/runtimeconfig.googleapis.com x-goog-quota-user=projects/pc-operator-d54c0
[debug] [2025-04-28T22:47:39.650Z] >>> [apiv2][query] GET https://serviceusage.googleapis.com/v1/projects/pc-operator-d54c0/services/cloudbuild.googleapis.com [none]
[debug] [2025-04-28T22:47:39.651Z] >>> [apiv2][(partial)header] GET https://serviceusage.googleapis.com/v1/projects/pc-operator-d54c0/services/cloudbuild.googleapis.com x-goog-quota-user=projects/pc-operator-d54c0
[debug] [2025-04-28T22:47:39.652Z] >>> [apiv2][query] GET https://serviceusage.googleapis.com/v1/projects/pc-operator-d54c0/services/artifactregistry.googleapis.com [none]
[debug] [2025-04-28T22:47:39.652Z] >>> [apiv2][(partial)header] GET https://serviceusage.googleapis.com/v1/projects/pc-operator-d54c0/services/artifactregistry.googleapis.com x-goog-quota-user=projects/pc-operator-d54c0
[debug] [2025-04-28T22:47:40.020Z] <<< [apiv2][status] GET https://serviceusage.googleapis.com/v1/projects/pc-operator-d54c0/services/runtimeconfig.googleapis.com 200
[debug] [2025-04-28T22:47:40.020Z] <<< [apiv2][body] GET https://serviceusage.googleapis.com/v1/projects/pc-operator-d54c0/services/runtimeconfig.googleapis.com [omitted]
[debug] [2025-04-28T22:47:40.047Z] <<< [apiv2][status] GET https://serviceusage.googleapis.com/v1/projects/pc-operator-d54c0/services/artifactregistry.googleapis.com 200
[debug] [2025-04-28T22:47:40.048Z] <<< [apiv2][body] GET https://serviceusage.googleapis.com/v1/projects/pc-operator-d54c0/services/artifactregistry.googleapis.com [omitted]
[info] +  artifactregistry: required API artifactregistry.googleapis.com is enabled 
[debug] [2025-04-28T22:47:40.057Z] <<< [apiv2][status] GET https://serviceusage.googleapis.com/v1/projects/pc-operator-d54c0/services/cloudbuild.googleapis.com 200
[debug] [2025-04-28T22:47:40.057Z] <<< [apiv2][body] GET https://serviceusage.googleapis.com/v1/projects/pc-operator-d54c0/services/cloudbuild.googleapis.com [omitted]
[info] +  functions: required API cloudbuild.googleapis.com is enabled 
[debug] [2025-04-28T22:47:40.115Z] <<< [apiv2][status] GET https://serviceusage.googleapis.com/v1/projects/pc-operator-d54c0/services/cloudfunctions.googleapis.com 200
[debug] [2025-04-28T22:47:40.115Z] <<< [apiv2][body] GET https://serviceusage.googleapis.com/v1/projects/pc-operator-d54c0/services/cloudfunctions.googleapis.com [omitted]
[info] +  functions: required API cloudfunctions.googleapis.com is enabled 
[debug] [2025-04-28T22:47:40.116Z] Checked if tokens are valid: true, expires at: 1745882198275
[debug] [2025-04-28T22:47:40.116Z] Checked if tokens are valid: true, expires at: 1745882198275
[debug] [2025-04-28T22:47:40.116Z] >>> [apiv2][query] GET https://firebase.googleapis.com/v1beta1/projects/pc-operator-d54c0/adminSdkConfig [none]
[debug] [2025-04-28T22:47:40.513Z] <<< [apiv2][status] GET https://firebase.googleapis.com/v1beta1/projects/pc-operator-d54c0/adminSdkConfig 200
[debug] [2025-04-28T22:47:40.513Z] <<< [apiv2][body] GET https://firebase.googleapis.com/v1beta1/projects/pc-operator-d54c0/adminSdkConfig {"projectId":"pc-operator-d54c0","storageBucket":"pc-operator-d54c0.firebasestorage.app"}
[debug] [2025-04-28T22:47:40.514Z] Checked if tokens are valid: true, expires at: 1745882198275
[debug] [2025-04-28T22:47:40.514Z] Checked if tokens are valid: true, expires at: 1745882198275
[debug] [2025-04-28T22:47:40.514Z] >>> [apiv2][query] GET https://runtimeconfig.googleapis.com/v1beta1/projects/pc-operator-d54c0/configs [none]
[debug] [2025-04-28T22:47:40.907Z] <<< [apiv2][status] GET https://runtimeconfig.googleapis.com/v1beta1/projects/pc-operator-d54c0/configs 200
[debug] [2025-04-28T22:47:40.908Z] <<< [apiv2][body] GET https://runtimeconfig.googleapis.com/v1beta1/projects/pc-operator-d54c0/configs {}
[debug] [2025-04-28T22:47:40.910Z] Validating nodejs source
[debug] [2025-04-28T22:47:42.457Z] > [functions] package.json contents: {
  "name": "pc-operator-functions",
  "version": "1.0.0",
  "main": "index.js",
  "engines": {
    "node": "22"
  },
  "private": true,
  "scripts": {
    "lint": "echo Skip lint",
    "serve": "firebase emulators:start --only functions",
    "deploy": "firebase deploy --only functions",
    "logs": "firebase functions:log"
  },
  "dependencies": {
    "firebase-admin": "^12.6.0",
    "firebase-functions": "^6.0.1",
    "cors": "^2.8.5",
    "dotenv": "^16.4.0"
  },
  "devDependencies": {
    "eslint": "^8.15.0",
    "eslint-config-google": "^0.14.0"
  }
}
[debug] [2025-04-28T22:47:42.458Z] Building nodejs source
[info] i  functions: Loading and analyzing source code for codebase default to determine what to deploy 
[debug] [2025-04-28T22:47:42.459Z] Could not find functions.yaml. Must use http discovery
[debug] [2025-04-28T22:47:42.472Z] Found firebase-functions binary at 'C:\Users\Satan\pc-operator\functions\node_modules\.bin\firebase-functions'
[info] Serving at port 8742

[debug] [2025-04-28T22:47:43.503Z] Got response from /__/functions.yaml {"endpoints":{"enqueueCommand":{"availableMemoryMb":null,"timeoutSeconds":null,"minInstances":null,"maxInstances":null,"ingressSettings":null,"concurrency":null,"serviceAccountEmail":null,"vpc":null,"platform":"gcfv2","labels":{},"httpsTrigger":{},"entryPoint":"enqueueCommand"}},"specVersion":"v1alpha1","requiredAPIs":[],"extensions":{}}
[info] i  extensions: ensuring required API firebaseextensions.googleapis.com is enabled... 
[debug] [2025-04-28T22:47:47.552Z] Checked if tokens are valid: true, expires at: 1745882198275
[debug] [2025-04-28T22:47:47.552Z] Checked if tokens are valid: true, expires at: 1745882198275
[debug] [2025-04-28T22:47:47.552Z] >>> [apiv2][query] GET https://serviceusage.googleapis.com/v1/projects/pc-operator-d54c0/services/firebaseextensions.googleapis.com [none]
[debug] [2025-04-28T22:47:47.552Z] >>> [apiv2][(partial)header] GET https://serviceusage.googleapis.com/v1/projects/pc-operator-d54c0/services/firebaseextensions.googleapis.com x-goog-quota-user=projects/pc-operator-d54c0
[debug] [2025-04-28T22:47:47.899Z] <<< [apiv2][status] GET https://serviceusage.googleapis.com/v1/projects/pc-operator-d54c0/services/firebaseextensions.googleapis.com 200
[debug] [2025-04-28T22:47:47.899Z] <<< [apiv2][body] GET https://serviceusage.googleapis.com/v1/projects/pc-operator-d54c0/services/firebaseextensions.googleapis.com [omitted]
[info] +  extensions: required API firebaseextensions.googleapis.com is enabled 
[debug] [2025-04-28T22:47:47.900Z] > command requires scopes: ["email","openid","https://www.googleapis.com/auth/cloudplatformprojects.readonly","https://www.googleapis.com/auth/firebase","https://www.googleapis.com/auth/cloud-platform"]
[debug] [2025-04-28T22:47:47.901Z] > authorizing via signed-in user (damienlovemusic@gmail.com)
[debug] [2025-04-28T22:47:47.901Z] [iam] checking project pc-operator-d54c0 for permissions ["firebase.projects.get","firebaseextensions.instances.list"]
[debug] [2025-04-28T22:47:47.901Z] Checked if tokens are valid: true, expires at: 1745882198275
[debug] [2025-04-28T22:47:47.901Z] Checked if tokens are valid: true, expires at: 1745882198275
[debug] [2025-04-28T22:47:47.902Z] >>> [apiv2][query] POST https://cloudresourcemanager.googleapis.com/v1/projects/pc-operator-d54c0:testIamPermissions [none]
[debug] [2025-04-28T22:47:47.902Z] >>> [apiv2][(partial)header] POST https://cloudresourcemanager.googleapis.com/v1/projects/pc-operator-d54c0:testIamPermissions x-goog-quota-user=projects/pc-operator-d54c0
[debug] [2025-04-28T22:47:47.902Z] >>> [apiv2][body] POST https://cloudresourcemanager.googleapis.com/v1/projects/pc-operator-d54c0:testIamPermissions {"permissions":["firebase.projects.get","firebaseextensions.instances.list"]}
[debug] [2025-04-28T22:47:48.188Z] <<< [apiv2][status] POST https://cloudresourcemanager.googleapis.com/v1/projects/pc-operator-d54c0:testIamPermissions 200
[debug] [2025-04-28T22:47:48.188Z] <<< [apiv2][body] POST https://cloudresourcemanager.googleapis.com/v1/projects/pc-operator-d54c0:testIamPermissions {"permissions":["firebase.projects.get","firebaseextensions.instances.list"]}
[debug] [2025-04-28T22:47:48.189Z] Checked if tokens are valid: true, expires at: 1745882198275
[debug] [2025-04-28T22:47:48.189Z] Checked if tokens are valid: true, expires at: 1745882198275
[debug] [2025-04-28T22:47:48.189Z] >>> [apiv2][query] GET https://firebaseextensions.googleapis.com/v1beta/projects/pc-operator-d54c0/instances pageSize=100&pageToken=
[debug] [2025-04-28T22:47:48.578Z] <<< [apiv2][status] GET https://firebaseextensions.googleapis.com/v1beta/projects/pc-operator-d54c0/instances 200
[debug] [2025-04-28T22:47:48.579Z] <<< [apiv2][body] GET https://firebaseextensions.googleapis.com/v1beta/projects/pc-operator-d54c0/instances {}
[info] i  functions: Loaded environment variables from .env. 
[info] i  functions: preparing functions directory for uploading... 
[info] i  functions: packaged C:\Users\Satan\pc-operator\functions (42.54 KB) for uploading 
[debug] [2025-04-28T22:47:48.641Z] Checked if tokens are valid: true, expires at: 1745882198275
[debug] [2025-04-28T22:47:48.641Z] Checked if tokens are valid: true, expires at: 1745882198275
[debug] [2025-04-28T22:47:48.641Z] >>> [apiv2][query] GET https://cloudfunctions.googleapis.com/v1/projects/pc-operator-d54c0/locations/-/functions [none]
[debug] [2025-04-28T22:47:49.450Z] <<< [apiv2][status] GET https://cloudfunctions.googleapis.com/v1/projects/pc-operator-d54c0/locations/-/functions 200
[debug] [2025-04-28T22:47:49.450Z] <<< [apiv2][body] GET https://cloudfunctions.googleapis.com/v1/projects/pc-operator-d54c0/locations/-/functions {}
[debug] [2025-04-28T22:47:49.450Z] Checked if tokens are valid: true, expires at: 1745882198275
[debug] [2025-04-28T22:47:49.451Z] Checked if tokens are valid: true, expires at: 1745882198275
[debug] [2025-04-28T22:47:49.451Z] >>> [apiv2][query] GET https://cloudfunctions.googleapis.com/v2/projects/pc-operator-d54c0/locations/-/functions filter=environment%3D%22GEN_2%22
[debug] [2025-04-28T22:47:49.852Z] <<< [apiv2][status] GET https://cloudfunctions.googleapis.com/v2/projects/pc-operator-d54c0/locations/-/functions 200
[debug] [2025-04-28T22:47:49.853Z] <<< [apiv2][body] GET https://cloudfunctions.googleapis.com/v2/projects/pc-operator-d54c0/locations/-/functions {"functions":[{"name":"projects/pc-operator-d54c0/locations/us-central1/functions/enqueueCommand","buildConfig":{"build":"projects/983134400636/locations/us-central1/builds/ac30c05e-becb-4d3c-bc3e-515fb863722f","runtime":"nodejs22","entryPoint":"enqueueCommand","source":{"storageSource":{"bucket":"gcf-v2-sources-983134400636-us-central1","object":"enqueueCommand/function-source.zip","generation":"1745879387346185"}},"environmentVariables":{"GOOGLE_NODE_RUN_SCRIPTS":""},"dockerRepository":"projects/pc-operator-d54c0/locations/us-central1/repositories/gcf-artifacts","sourceProvenance":{"resolvedStorageSource":{"bucket":"gcf-v2-sources-983134400636-us-central1","object":"enqueueCommand/function-source.zip","generation":"1745879387346185"}},"dockerRegistry":"ARTIFACT_REGISTRY","serviceAccount":"projects/pc-operator-d54c0/serviceAccounts/983134400636-compute@developer.gserviceaccount.com","automaticUpdatePolicy":{}},"serviceConfig":{"service":"projects/pc-operator-d54c0/locations/us-central1/services/enqueuecommand","timeoutSeconds":60,"environmentVariables":{"API_SECRET":"xsuperSecretLongTokenx","FIREBASE_CONFIG":"{\"projectId\":\"pc-operator-d54c0\",\"storageBucket\":\"pc-operator-d54c0.firebasestorage.app\"}","GCLOUD_PROJECT":"pc-operator-d54c0","EVENTARC_CLOUD_EVENT_SOURCE":"projects/pc-operator-d54c0/locations/us-central1/services/enqueueCommand","FUNCTION_TARGET":"enqueueCommand","LOG_EXECUTION_ID":"true"},"maxInstanceCount":3,"ingressSettings":"ALLOW_ALL","uri":"https://enqueuecommand-gilg263jja-uc.a.run.app","serviceAccountEmail":"983134400636-compute@developer.gserviceaccount.com","availableMemory":"256Mi","allTrafficOnLatestRevision":true,"revision":"enqueuecommand-00003-gul","maxInstanceRequestConcurrency":80,"availableCpu":"1"},"state":"ACTIVE","updateTime":"2025-04-28T22:30:48.397051336Z","labels":{"deployment-tool":"cli-firebase","firebase-functions-hash":"18b138400311eba1afa24e48489175969b76aa97"},"environment":"GEN_2","url":"https://us-central1-pc-operator-d54c0.cloudfunctions.net/enqueueCommand","createTime":"2025-04-28T09:43:22.884168192Z","satisfiesPzi":true}]}
[info] i  functions: ensuring required API run.googleapis.com is enabled... 
[debug] [2025-04-28T22:47:49.856Z] Checked if tokens are valid: true, expires at: 1745882198275
[debug] [2025-04-28T22:47:49.856Z] Checked if tokens are valid: true, expires at: 1745882198275
[info] i  functions: ensuring required API eventarc.googleapis.com is enabled... 
[debug] [2025-04-28T22:47:49.857Z] Checked if tokens are valid: true, expires at: 1745882198275
[debug] [2025-04-28T22:47:49.857Z] Checked if tokens are valid: true, expires at: 1745882198275
[info] i  functions: ensuring required API pubsub.googleapis.com is enabled... 
[debug] [2025-04-28T22:47:49.857Z] Checked if tokens are valid: true, expires at: 1745882198275
[debug] [2025-04-28T22:47:49.858Z] Checked if tokens are valid: true, expires at: 1745882198275
[info] i  functions: ensuring required API storage.googleapis.com is enabled... 
[debug] [2025-04-28T22:47:49.858Z] Checked if tokens are valid: true, expires at: 1745882198275
[debug] [2025-04-28T22:47:49.859Z] Checked if tokens are valid: true, expires at: 1745882198275
[debug] [2025-04-28T22:47:49.859Z] >>> [apiv2][query] GET https://serviceusage.googleapis.com/v1/projects/pc-operator-d54c0/services/run.googleapis.com [none]
[debug] [2025-04-28T22:47:49.859Z] >>> [apiv2][(partial)header] GET https://serviceusage.googleapis.com/v1/projects/pc-operator-d54c0/services/run.googleapis.com x-goog-quota-user=projects/pc-operator-d54c0
[debug] [2025-04-28T22:47:49.859Z] >>> [apiv2][query] GET https://serviceusage.googleapis.com/v1/projects/pc-operator-d54c0/services/eventarc.googleapis.com [none]
[debug] [2025-04-28T22:47:49.860Z] >>> [apiv2][(partial)header] GET https://serviceusage.googleapis.com/v1/projects/pc-operator-d54c0/services/eventarc.googleapis.com x-goog-quota-user=projects/pc-operator-d54c0
[debug] [2025-04-28T22:47:49.862Z] >>> [apiv2][query] GET https://serviceusage.googleapis.com/v1/projects/pc-operator-d54c0/services/pubsub.googleapis.com [none]
[debug] [2025-04-28T22:47:49.862Z] >>> [apiv2][(partial)header] GET https://serviceusage.googleapis.com/v1/projects/pc-operator-d54c0/services/pubsub.googleapis.com x-goog-quota-user=projects/pc-operator-d54c0
[debug] [2025-04-28T22:47:49.863Z] >>> [apiv2][query] GET https://serviceusage.googleapis.com/v1/projects/pc-operator-d54c0/services/storage.googleapis.com [none]
[debug] [2025-04-28T22:47:49.863Z] >>> [apiv2][(partial)header] GET https://serviceusage.googleapis.com/v1/projects/pc-operator-d54c0/services/storage.googleapis.com x-goog-quota-user=projects/pc-operator-d54c0
[debug] [2025-04-28T22:47:50.044Z] <<< [apiv2][status] GET https://serviceusage.googleapis.com/v1/projects/pc-operator-d54c0/services/run.googleapis.com 200
[debug] [2025-04-28T22:47:50.044Z] <<< [apiv2][body] GET https://serviceusage.googleapis.com/v1/projects/pc-operator-d54c0/services/run.googleapis.com [omitted]
[info] +  functions: required API run.googleapis.com is enabled 
[debug] [2025-04-28T22:47:50.370Z] <<< [apiv2][status] GET https://serviceusage.googleapis.com/v1/projects/pc-operator-d54c0/services/pubsub.googleapis.com 200
[debug] [2025-04-28T22:47:50.371Z] <<< [apiv2][body] GET https://serviceusage.googleapis.com/v1/projects/pc-operator-d54c0/services/pubsub.googleapis.com [omitted]
[info] +  functions: required API pubsub.googleapis.com is enabled 
[debug] [2025-04-28T22:47:50.388Z] <<< [apiv2][status] GET https://serviceusage.googleapis.com/v1/projects/pc-operator-d54c0/services/storage.googleapis.com 200
[debug] [2025-04-28T22:47:50.388Z] <<< [apiv2][body] GET https://serviceusage.googleapis.com/v1/projects/pc-operator-d54c0/services/storage.googleapis.com [omitted]
[info] +  functions: required API storage.googleapis.com is enabled 
[debug] [2025-04-28T22:47:50.401Z] <<< [apiv2][status] GET https://serviceusage.googleapis.com/v1/projects/pc-operator-d54c0/services/eventarc.googleapis.com 200
[debug] [2025-04-28T22:47:50.401Z] <<< [apiv2][body] GET https://serviceusage.googleapis.com/v1/projects/pc-operator-d54c0/services/eventarc.googleapis.com [omitted]
[info] +  functions: required API eventarc.googleapis.com is enabled 
[info] i  functions: generating the service identity for pubsub.googleapis.com... 
[debug] [2025-04-28T22:47:50.403Z] Checked if tokens are valid: true, expires at: 1745882198275
[debug] [2025-04-28T22:47:50.403Z] Checked if tokens are valid: true, expires at: 1745882198275
[info] i  functions: generating the service identity for eventarc.googleapis.com... 
[debug] [2025-04-28T22:47:50.403Z] Checked if tokens are valid: true, expires at: 1745882198275
[debug] [2025-04-28T22:47:50.403Z] Checked if tokens are valid: true, expires at: 1745882198275
[debug] [2025-04-28T22:47:50.403Z] >>> [apiv2][query] POST https://serviceusage.googleapis.com/v1beta1/projects/983134400636/services/pubsub.googleapis.com:generateServiceIdentity [none]
[debug] [2025-04-28T22:47:50.404Z] >>> [apiv2][query] POST https://serviceusage.googleapis.com/v1beta1/projects/983134400636/services/eventarc.googleapis.com:generateServiceIdentity [none]
[debug] [2025-04-28T22:47:50.636Z] <<< [apiv2][status] POST https://serviceusage.googleapis.com/v1beta1/projects/983134400636/services/pubsub.googleapis.com:generateServiceIdentity 200
[debug] [2025-04-28T22:47:50.637Z] <<< [apiv2][body] POST https://serviceusage.googleapis.com/v1beta1/projects/983134400636/services/pubsub.googleapis.com:generateServiceIdentity {"name":"operations/finished.DONE_OPERATION","done":true,"response":{"@type":"type.googleapis.com/google.api.serviceusage.v1beta1.ServiceIdentity","email":"service-983134400636@gcp-sa-pubsub.iam.gserviceaccount.com","uniqueId":"111406029143303653263"}}
[debug] [2025-04-28T22:47:50.690Z] <<< [apiv2][status] POST https://serviceusage.googleapis.com/v1beta1/projects/983134400636/services/eventarc.googleapis.com:generateServiceIdentity 200
[debug] [2025-04-28T22:47:50.690Z] <<< [apiv2][body] POST https://serviceusage.googleapis.com/v1beta1/projects/983134400636/services/eventarc.googleapis.com:generateServiceIdentity {"name":"operations/finished.DONE_OPERATION","done":true,"response":{"@type":"type.googleapis.com/google.api.serviceusage.v1beta1.ServiceIdentity","email":"service-983134400636@gcp-sa-eventarc.iam.gserviceaccount.com","uniqueId":"105621574095628981261"}}
[debug] [2025-04-28T22:47:50.693Z] Checked if tokens are valid: true, expires at: 1745882198275
[debug] [2025-04-28T22:47:50.693Z] Checked if tokens are valid: true, expires at: 1745882198275
[debug] [2025-04-28T22:47:50.694Z] >>> [apiv2][query] GET https://cloudresourcemanager.googleapis.com/v1/projects/pc-operator-d54c0 [none]
[debug] [2025-04-28T22:47:50.810Z] <<< [apiv2][status] GET https://cloudresourcemanager.googleapis.com/v1/projects/pc-operator-d54c0 200
[debug] [2025-04-28T22:47:50.811Z] <<< [apiv2][body] GET https://cloudresourcemanager.googleapis.com/v1/projects/pc-operator-d54c0 {"projectNumber":"983134400636","projectId":"pc-operator-d54c0","lifecycleState":"ACTIVE","name":"PC-OPERATOR","labels":{"firebase":"enabled","firebase-core":"disabled"},"createTime":"2025-04-28T06:50:21.695045Z"}
[debug] [2025-04-28T22:47:50.812Z] Checked if tokens are valid: true, expires at: 1745882198275
[debug] [2025-04-28T22:47:50.812Z] Checked if tokens are valid: true, expires at: 1745882198275
[debug] [2025-04-28T22:47:50.812Z] >>> [apiv2][query] GET https://cloudbilling.googleapis.com/v1/projects/pc-operator-d54c0/billingInfo [none]
[debug] [2025-04-28T22:47:51.124Z] <<< [apiv2][status] GET https://cloudbilling.googleapis.com/v1/projects/pc-operator-d54c0/billingInfo 200
[debug] [2025-04-28T22:47:51.125Z] <<< [apiv2][body] GET https://cloudbilling.googleapis.com/v1/projects/pc-operator-d54c0/billingInfo {"name":"projects/pc-operator-d54c0/billingInfo","projectId":"pc-operator-d54c0","billingAccountName":"billingAccounts/01E923-78619F-6B9467","billingEnabled":true}
[debug] [2025-04-28T22:47:51.127Z] Checked if tokens are valid: true, expires at: 1745882198275
[debug] [2025-04-28T22:47:51.127Z] Checked if tokens are valid: true, expires at: 1745882198275
[debug] [2025-04-28T22:47:51.127Z] >>> [apiv2][query] POST https://cloudfunctions.googleapis.com/v2/projects/pc-operator-d54c0/locations/us-central1/functions:generateUploadUrl [none]
[debug] [2025-04-28T22:47:51.387Z] <<< [apiv2][status] POST https://cloudfunctions.googleapis.com/v2/projects/pc-operator-d54c0/locations/us-central1/functions:generateUploadUrl 200
[debug] [2025-04-28T22:47:51.387Z] <<< [apiv2][body] POST https://cloudfunctions.googleapis.com/v2/projects/pc-operator-d54c0/locations/us-central1/functions:generateUploadUrl {"uploadUrl":"https://storage.googleapis.com/gcf-v2-uploads-983134400636.us-central1.cloudfunctions.appspot.com/f8b6a982-5dd3-4194-8ee2-c3866521907d.zip?GoogleAccessId=service-983134400636@gcf-admin-robot.iam.gserviceaccount.com&Expires=1745882271&Signature=uRrrfF9EjzYVK4yAeJXghwnCylwprhAQ4SsipAPI39hksGCK7UTtMQJED%2B74jdz9txiVyt%2BSiLaszj3Do9N99klE2AmST1Ar7BTrVnPX9DgIJgy%2Fxv26cfQVPmFKct9JQmR8rKRT5mT4CANqjmm84G5IZajP06L09UH0QrtLvu5rlRtmLt46ep%2FSNw%2FqP4EYIDLQpGWch8ZIvpbYIksST%2F%2FegKufKj8rjPXnh9IeS0obg02kgDJkXdemUx8hP0tZMMsAVmQ4ecHap7Oco5v4MKGwZyJYB6J5FhMZEYxmxUwWizjOZOYaMgl10A9slfdPASxm80LPxBxRIuyPuBc7vQ%3D%3D","storageSource":{"bucket":"gcf-v2-uploads-983134400636.us-central1.cloudfunctions.appspot.com","object":"f8b6a982-5dd3-4194-8ee2-c3866521907d.zip"}}
[debug] [2025-04-28T22:47:51.388Z] >>> [apiv2][query] PUT https://storage.googleapis.com/gcf-v2-uploads-983134400636.us-central1.cloudfunctions.appspot.com/f8b6a982-5dd3-4194-8ee2-c3866521907d.zip GoogleAccessId=service-983134400636%40gcf-admin-robot.iam.gserviceaccount.com&Expires=1745882271&Signature=uRrrfF9EjzYVK4yAeJXghwnCylwprhAQ4SsipAPI39hksGCK7UTtMQJED%2B74jdz9txiVyt%2BSiLaszj3Do9N99klE2AmST1Ar7BTrVnPX9DgIJgy%2Fxv26cfQVPmFKct9JQmR8rKRT5mT4CANqjmm84G5IZajP06L09UH0QrtLvu5rlRtmLt46ep%2FSNw%2FqP4EYIDLQpGWch8ZIvpbYIksST%2F%2FegKufKj8rjPXnh9IeS0obg02kgDJkXdemUx8hP0tZMMsAVmQ4ecHap7Oco5v4MKGwZyJYB6J5FhMZEYxmxUwWizjOZOYaMgl10A9slfdPASxm80LPxBxRIuyPuBc7vQ%3D%3D
[debug] [2025-04-28T22:47:51.388Z] >>> [apiv2][body] PUT https://storage.googleapis.com/gcf-v2-uploads-983134400636.us-central1.cloudfunctions.appspot.com/f8b6a982-5dd3-4194-8ee2-c3866521907d.zip [stream]
[debug] [2025-04-28T22:47:52.031Z] <<< [apiv2][status] PUT https://storage.googleapis.com/gcf-v2-uploads-983134400636.us-central1.cloudfunctions.appspot.com/f8b6a982-5dd3-4194-8ee2-c3866521907d.zip 200
[debug] [2025-04-28T22:47:52.031Z] <<< [apiv2][body] PUT https://storage.googleapis.com/gcf-v2-uploads-983134400636.us-central1.cloudfunctions.appspot.com/f8b6a982-5dd3-4194-8ee2-c3866521907d.zip [omitted]
[info] +  functions: functions folder uploaded successfully 
[info] i  functions: updating Node.js 22 (2nd Gen) function enqueueCommand(us-central1)... 
[debug] [2025-04-28T22:47:52.037Z] Checked if tokens are valid: true, expires at: 1745882198275
[debug] [2025-04-28T22:47:52.038Z] Checked if tokens are valid: true, expires at: 1745882198275
[debug] [2025-04-28T22:47:52.038Z] >>> [apiv2][query] PATCH https://cloudfunctions.googleapis.com/v2/projects/pc-operator-d54c0/locations/us-central1/functions/enqueueCommand updateMask=name%2CbuildConfig.runtime%2CbuildConfig.entryPoint%2CbuildConfig.source.storageSource.bucket%2CbuildConfig.source.storageSource.object%2CbuildConfig.environmentVariables%2CbuildConfig.sourceToken%2CserviceConfig.environmentVariables%2CserviceConfig.ingressSettings%2CserviceConfig.timeoutSeconds%2CserviceConfig.serviceAccountEmail%2CserviceConfig.availableMemory%2CserviceConfig.minInstanceCount%2CserviceConfig.maxInstanceCount%2CserviceConfig.maxInstanceRequestConcurrency%2CserviceConfig.availableCpu%2CserviceConfig.vpcConnector%2CserviceConfig.vpcConnectorEgressSettings%2Clabels%2CbuildConfig.buildEnvironmentVariables
[debug] [2025-04-28T22:47:52.038Z] >>> [apiv2][body] PATCH https://cloudfunctions.googleapis.com/v2/projects/pc-operator-d54c0/locations/us-central1/functions/enqueueCommand {"name":"projects/pc-operator-d54c0/locations/us-central1/functions/enqueueCommand","buildConfig":{"runtime":"nodejs22","entryPoint":"enqueueCommand","source":{"storageSource":{"bucket":"gcf-v2-uploads-983134400636.us-central1.cloudfunctions.appspot.com","object":"f8b6a982-5dd3-4194-8ee2-c3866521907d.zip"}},"environmentVariables":{"GOOGLE_NODE_RUN_SCRIPTS":""}},"serviceConfig":{"environmentVariables":{"API_SECRET":"xsuperSecretLongTokenx","FIREBASE_CONFIG":"{\"projectId\":\"pc-operator-d54c0\",\"storageBucket\":\"pc-operator-d54c0.firebasestorage.app\"}","GCLOUD_PROJECT":"pc-operator-d54c0","EVENTARC_CLOUD_EVENT_SOURCE":"projects/pc-operator-d54c0/locations/us-central1/services/enqueueCommand","FUNCTION_TARGET":"enqueueCommand","LOG_EXECUTION_ID":"true"},"ingressSettings":null,"timeoutSeconds":null,"serviceAccountEmail":null,"availableMemory":"256Mi","minInstanceCount":null,"maxInstanceCount":null,"maxInstanceRequestConcurrency":80,"availableCpu":"1","vpcConnector":null,"vpcConnectorEgressSettings":null},"labels":{"deployment-tool":"cli-firebase","firebase-functions-hash":"18b138400311eba1afa24e48489175969b76aa97"}}
[debug] [2025-04-28T22:47:53.098Z] <<< [apiv2][status] PATCH https://cloudfunctions.googleapis.com/v2/projects/pc-operator-d54c0/locations/us-central1/functions/enqueueCommand 200
[debug] [2025-04-28T22:47:53.098Z] <<< [apiv2][body] PATCH https://cloudfunctions.googleapis.com/v2/projects/pc-operator-d54c0/locations/us-central1/functions/enqueueCommand {"name":"projects/pc-operator-d54c0/locations/us-central1/operations/operation-1745880472202-633de795daba8-fdb79459-6507ad7b","metadata":{"@type":"type.googleapis.com/google.cloud.functions.v2.OperationMetadata","createTime":"2025-04-28T22:47:53.044117888Z","target":"projects/pc-operator-d54c0/locations/us-central1/functions/enqueueCommand","verb":"update","cancelRequested":false,"apiVersion":"v2"},"done":false}
[debug] [2025-04-28T22:47:53.099Z] Checked if tokens are valid: true, expires at: 1745882198275
[debug] [2025-04-28T22:47:53.099Z] Checked if tokens are valid: true, expires at: 1745882198275
[debug] [2025-04-28T22:47:53.099Z] >>> [apiv2][query] GET https://cloudfunctions.googleapis.com/v2/projects/pc-operator-d54c0/locations/us-central1/operations/operation-1745880472202-633de795daba8-fdb79459-6507ad7b [none]
[debug] [2025-04-28T22:47:53.287Z] <<< [apiv2][status] GET https://cloudfunctions.googleapis.com/v2/projects/pc-operator-d54c0/locations/us-central1/operations/operation-1745880472202-633de795daba8-fdb79459-6507ad7b 200
[debug] [2025-04-28T22:47:53.287Z] <<< [apiv2][body] GET https://cloudfunctions.googleapis.com/v2/projects/pc-operator-d54c0/locations/us-central1/operations/operation-1745880472202-633de795daba8-fdb79459-6507ad7b {"name":"projects/pc-operator-d54c0/locations/us-central1/operations/operation-1745880472202-633de795daba8-fdb79459-6507ad7b","metadata":{"@type":"type.googleapis.com/google.cloud.functions.v2.OperationMetadata","createTime":"2025-04-28T22:47:53.044117888Z","target":"projects/pc-operator-d54c0/locations/us-central1/functions/enqueueCommand","verb":"update","cancelRequested":false,"apiVersion":"v2","requestResource":{"@type":"type.googleapis.com/google.cloud.functions.v2.Function","name":"projects/pc-operator-d54c0/locations/us-central1/functions/enqueueCommand","buildConfig":{"runtime":"nodejs22","entryPoint":"enqueueCommand","source":{"storageSource":{"bucket":"gcf-v2-sources-983134400636-us-central1","object":"enqueueCommand/function-source.zip","generation":"1745880472986513"}},"environmentVariables":{"GOOGLE_NODE_RUN_SCRIPTS":""},"dockerRepository":"projects/pc-operator-d54c0/locations/us-central1/repositories/gcf-artifacts","sourceProvenance":{"resolvedStorageSource":{"bucket":"gcf-v2-sources-983134400636-us-central1","object":"enqueueCommand/function-source.zip","generation":"1745879387346185"}},"dockerRegistry":"ARTIFACT_REGISTRY","serviceAccount":"projects/pc-operator-d54c0/serviceAccounts/983134400636-compute@developer.gserviceaccount.com","automaticUpdatePolicy":{}},"serviceConfig":{"service":"projects/pc-operator-d54c0/locations/us-central1/services/enqueuecommand","timeoutSeconds":60,"environmentVariables":{"API_SECRET":"xsuperSecretLongTokenx","FIREBASE_CONFIG":"{\"projectId\":\"pc-operator-d54c0\",\"storageBucket\":\"pc-operator-d54c0.firebasestorage.app\"}","GCLOUD_PROJECT":"pc-operator-d54c0","EVENTARC_CLOUD_EVENT_SOURCE":"projects/pc-operator-d54c0/locations/us-central1/services/enqueueCommand","FUNCTION_TARGET":"enqueueCommand","LOG_EXECUTION_ID":"true"},"ingressSettings":"ALLOW_ALL","uri":"https://enqueuecommand-gilg263jja-uc.a.run.app","serviceAccountEmail":"983134400636-compute@developer.gserviceaccount.com","availableMemory":"256Mi","allTrafficOnLatestRevision":true,"revision":"enqueuecommand-00003-gul","maxInstanceRequestConcurrency":80,"availableCpu":"1"},"state":"ACTIVE","labels":{"deployment-tool":"cloudfunctions","firebase-functions-hash":"18b138400311eba1afa24e48489175969b76aa97"},"environment":"GEN_2","url":"https://us-central1-pc-operator-d54c0.cloudfunctions.net/enqueueCommand","satisfiesPzi":true},"stages":[{"name":"BUILD","state":"NOT_STARTED"},{"name":"SERVICE","state":"NOT_STARTED"}],"operationType":"UPDATE_FUNCTION"},"done":false}
[debug] [2025-04-28T22:47:53.792Z] [update-default-us-central1-enqueueCommand] Retrying task index 0
[debug] [2025-04-28T22:47:53.792Z] Checked if tokens are valid: true, expires at: 1745882198275
[debug] [2025-04-28T22:47:53.792Z] Checked if tokens are valid: true, expires at: 1745882198275
[debug] [2025-04-28T22:47:53.792Z] >>> [apiv2][query] GET https://cloudfunctions.googleapis.com/v2/projects/pc-operator-d54c0/locations/us-central1/operations/operation-1745880472202-633de795daba8-fdb79459-6507ad7b [none]
[debug] [2025-04-28T22:47:53.980Z] <<< [apiv2][status] GET https://cloudfunctions.googleapis.com/v2/projects/pc-operator-d54c0/locations/us-central1/operations/operation-1745880472202-633de795daba8-fdb79459-6507ad7b 200
[debug] [2025-04-28T22:47:53.980Z] <<< [apiv2][body] GET https://cloudfunctions.googleapis.com/v2/projects/pc-operator-d54c0/locations/us-central1/operations/operation-1745880472202-633de795daba8-fdb79459-6507ad7b {"name":"projects/pc-operator-d54c0/locations/us-central1/operations/operation-1745880472202-633de795daba8-fdb79459-6507ad7b","metadata":{"@type":"type.googleapis.com/google.cloud.functions.v2.OperationMetadata","createTime":"2025-04-28T22:47:53.044117888Z","target":"projects/pc-operator-d54c0/locations/us-central1/functions/enqueueCommand","verb":"update","cancelRequested":false,"apiVersion":"v2","requestResource":{"@type":"type.googleapis.com/google.cloud.functions.v2.Function","name":"projects/pc-operator-d54c0/locations/us-central1/functions/enqueueCommand","buildConfig":{"runtime":"nodejs22","entryPoint":"enqueueCommand","source":{"storageSource":{"bucket":"gcf-v2-sources-983134400636-us-central1","object":"enqueueCommand/function-source.zip","generation":"1745880472986513"}},"environmentVariables":{"GOOGLE_NODE_RUN_SCRIPTS":""},"dockerRepository":"projects/pc-operator-d54c0/locations/us-central1/repositories/gcf-artifacts","sourceProvenance":{"resolvedStorageSource":{"bucket":"gcf-v2-sources-983134400636-us-central1","object":"enqueueCommand/function-source.zip","generation":"1745879387346185"}},"dockerRegistry":"ARTIFACT_REGISTRY","serviceAccount":"projects/pc-operator-d54c0/serviceAccounts/983134400636-compute@developer.gserviceaccount.com","automaticUpdatePolicy":{}},"serviceConfig":{"service":"projects/pc-operator-d54c0/locations/us-central1/services/enqueuecommand","timeoutSeconds":60,"environmentVariables":{"API_SECRET":"xsuperSecretLongTokenx","FIREBASE_CONFIG":"{\"projectId\":\"pc-operator-d54c0\",\"storageBucket\":\"pc-operator-d54c0.firebasestorage.app\"}","GCLOUD_PROJECT":"pc-operator-d54c0","EVENTARC_CLOUD_EVENT_SOURCE":"projects/pc-operator-d54c0/locations/us-central1/services/enqueueCommand","FUNCTION_TARGET":"enqueueCommand","LOG_EXECUTION_ID":"true"},"ingressSettings":"ALLOW_ALL","uri":"https://enqueuecommand-gilg263jja-uc.a.run.app","serviceAccountEmail":"983134400636-compute@developer.gserviceaccount.com","availableMemory":"256Mi","allTrafficOnLatestRevision":true,"revision":"enqueuecommand-00003-gul","maxInstanceRequestConcurrency":80,"availableCpu":"1"},"state":"ACTIVE","labels":{"deployment-tool":"cloudfunctions","firebase-functions-hash":"18b138400311eba1afa24e48489175969b76aa97"},"environment":"GEN_2","url":"https://us-central1-pc-operator-d54c0.cloudfunctions.net/enqueueCommand","satisfiesPzi":true},"stages":[{"name":"BUILD","message":"Build in progress","state":"IN_PROGRESS","resource":"projects/983134400636/locations/us-central1/builds/3840b557-9663-4797-a9c1-20158ca2034f","resourceUri":"https://console.cloud.google.com/cloud-build/builds;region=us-central1/3840b557-9663-4797-a9c1-20158ca2034f?project=983134400636"},{"name":"SERVICE","state":"NOT_STARTED"}],"operationType":"UPDATE_FUNCTION","buildName":"projects/983134400636/locations/us-central1/builds/3840b557-9663-4797-a9c1-20158ca2034f"},"done":false}
[debug] [2025-04-28T22:47:54.989Z] [update-default-us-central1-enqueueCommand] Retrying task index 0
[debug] [2025-04-28T22:47:54.990Z] Checked if tokens are valid: true, expires at: 1745882198275
[debug] [2025-04-28T22:47:54.990Z] Checked if tokens are valid: true, expires at: 1745882198275
[debug] [2025-04-28T22:47:54.990Z] >>> [apiv2][query] GET https://cloudfunctions.googleapis.com/v2/projects/pc-operator-d54c0/locations/us-central1/operations/operation-1745880472202-633de795daba8-fdb79459-6507ad7b [none]
[debug] [2025-04-28T22:47:55.187Z] <<< [apiv2][status] GET https://cloudfunctions.googleapis.com/v2/projects/pc-operator-d54c0/locations/us-central1/operations/operation-1745880472202-633de795daba8-fdb79459-6507ad7b 200
[debug] [2025-04-28T22:47:55.187Z] <<< [apiv2][body] GET https://cloudfunctions.googleapis.com/v2/projects/pc-operator-d54c0/locations/us-central1/operations/operation-1745880472202-633de795daba8-fdb79459-6507ad7b {"name":"projects/pc-operator-d54c0/locations/us-central1/operations/operation-1745880472202-633de795daba8-fdb79459-6507ad7b","metadata":{"@type":"type.googleapis.com/google.cloud.functions.v2.OperationMetadata","createTime":"2025-04-28T22:47:53.044117888Z","target":"projects/pc-operator-d54c0/locations/us-central1/functions/enqueueCommand","verb":"update","cancelRequested":false,"apiVersion":"v2","requestResource":{"@type":"type.googleapis.com/google.cloud.functions.v2.Function","name":"projects/pc-operator-d54c0/locations/us-central1/functions/enqueueCommand","buildConfig":{"runtime":"nodejs22","entryPoint":"enqueueCommand","source":{"storageSource":{"bucket":"gcf-v2-sources-983134400636-us-central1","object":"enqueueCommand/function-source.zip","generation":"1745880472986513"}},"environmentVariables":{"GOOGLE_NODE_RUN_SCRIPTS":""},"dockerRepository":"projects/pc-operator-d54c0/locations/us-central1/repositories/gcf-artifacts","sourceProvenance":{"resolvedStorageSource":{"bucket":"gcf-v2-sources-983134400636-us-central1","object":"enqueueCommand/function-source.zip","generation":"1745879387346185"}},"dockerRegistry":"ARTIFACT_REGISTRY","serviceAccount":"projects/pc-operator-d54c0/serviceAccounts/983134400636-compute@developer.gserviceaccount.com","automaticUpdatePolicy":{}},"serviceConfig":{"service":"projects/pc-operator-d54c0/locations/us-central1/services/enqueuecommand","timeoutSeconds":60,"environmentVariables":{"API_SECRET":"xsuperSecretLongTokenx","FIREBASE_CONFIG":"{\"projectId\":\"pc-operator-d54c0\",\"storageBucket\":\"pc-operator-d54c0.firebasestorage.app\"}","GCLOUD_PROJECT":"pc-operator-d54c0","EVENTARC_CLOUD_EVENT_SOURCE":"projects/pc-operator-d54c0/locations/us-central1/services/enqueueCommand","FUNCTION_TARGET":"enqueueCommand","LOG_EXECUTION_ID":"true"},"ingressSettings":"ALLOW_ALL","uri":"https://enqueuecommand-gilg263jja-uc.a.run.app","serviceAccountEmail":"983134400636-compute@developer.gserviceaccount.com","availableMemory":"256Mi","allTrafficOnLatestRevision":true,"revision":"enqueuecommand-00003-gul","maxInstanceRequestConcurrency":80,"availableCpu":"1"},"state":"ACTIVE","labels":{"deployment-tool":"cloudfunctions","firebase-functions-hash":"18b138400311eba1afa24e48489175969b76aa97"},"environment":"GEN_2","url":"https://us-central1-pc-operator-d54c0.cloudfunctions.net/enqueueCommand","satisfiesPzi":true},"stages":[{"name":"BUILD","message":"Build in progress","state":"IN_PROGRESS","resource":"projects/983134400636/locations/us-central1/builds/3840b557-9663-4797-a9c1-20158ca2034f","resourceUri":"https://console.cloud.google.com/cloud-build/builds;region=us-central1/3840b557-9663-4797-a9c1-20158ca2034f?project=983134400636"},{"name":"SERVICE","state":"NOT_STARTED"}],"operationType":"UPDATE_FUNCTION","buildName":"projects/983134400636/locations/us-central1/builds/3840b557-9663-4797-a9c1-20158ca2034f"},"done":false}
[debug] [2025-04-28T22:47:57.192Z] [update-default-us-central1-enqueueCommand] Retrying task index 0
[debug] [2025-04-28T22:47:57.193Z] Checked if tokens are valid: true, expires at: 1745882198275
[debug] [2025-04-28T22:47:57.193Z] Checked if tokens are valid: true, expires at: 1745882198275
[debug] [2025-04-28T22:47:57.193Z] >>> [apiv2][query] GET https://cloudfunctions.googleapis.com/v2/projects/pc-operator-d54c0/locations/us-central1/operations/operation-1745880472202-633de795daba8-fdb79459-6507ad7b [none]
[debug] [2025-04-28T22:47:57.450Z] <<< [apiv2][status] GET https://cloudfunctions.googleapis.com/v2/projects/pc-operator-d54c0/locations/us-central1/operations/operation-1745880472202-633de795daba8-fdb79459-6507ad7b 200
[debug] [2025-04-28T22:47:57.450Z] <<< [apiv2][body] GET https://cloudfunctions.googleapis.com/v2/projects/pc-operator-d54c0/locations/us-central1/operations/operation-1745880472202-633de795daba8-fdb79459-6507ad7b {"name":"projects/pc-operator-d54c0/locations/us-central1/operations/operation-1745880472202-633de795daba8-fdb79459-6507ad7b","metadata":{"@type":"type.googleapis.com/google.cloud.functions.v2.OperationMetadata","createTime":"2025-04-28T22:47:53.044117888Z","target":"projects/pc-operator-d54c0/locations/us-central1/functions/enqueueCommand","verb":"update","cancelRequested":false,"apiVersion":"v2","requestResource":{"@type":"type.googleapis.com/google.cloud.functions.v2.Function","name":"projects/pc-operator-d54c0/locations/us-central1/functions/enqueueCommand","buildConfig":{"runtime":"nodejs22","entryPoint":"enqueueCommand","source":{"storageSource":{"bucket":"gcf-v2-sources-983134400636-us-central1","object":"enqueueCommand/function-source.zip","generation":"1745880472986513"}},"environmentVariables":{"GOOGLE_NODE_RUN_SCRIPTS":""},"dockerRepository":"projects/pc-operator-d54c0/locations/us-central1/repositories/gcf-artifacts","sourceProvenance":{"resolvedStorageSource":{"bucket":"gcf-v2-sources-983134400636-us-central1","object":"enqueueCommand/function-source.zip","generation":"1745879387346185"}},"dockerRegistry":"ARTIFACT_REGISTRY","serviceAccount":"projects/pc-operator-d54c0/serviceAccounts/983134400636-compute@developer.gserviceaccount.com","automaticUpdatePolicy":{}},"serviceConfig":{"service":"projects/pc-operator-d54c0/locations/us-central1/services/enqueuecommand","timeoutSeconds":60,"environmentVariables":{"API_SECRET":"xsuperSecretLongTokenx","FIREBASE_CONFIG":"{\"projectId\":\"pc-operator-d54c0\",\"storageBucket\":\"pc-operator-d54c0.firebasestorage.app\"}","GCLOUD_PROJECT":"pc-operator-d54c0","EVENTARC_CLOUD_EVENT_SOURCE":"projects/pc-operator-d54c0/locations/us-central1/services/enqueueCommand","FUNCTION_TARGET":"enqueueCommand","LOG_EXECUTION_ID":"true"},"ingressSettings":"ALLOW_ALL","uri":"https://enqueuecommand-gilg263jja-uc.a.run.app","serviceAccountEmail":"983134400636-compute@developer.gserviceaccount.com","availableMemory":"256Mi","allTrafficOnLatestRevision":true,"revision":"enqueuecommand-00003-gul","maxInstanceRequestConcurrency":80,"availableCpu":"1"},"state":"ACTIVE","labels":{"deployment-tool":"cloudfunctions","firebase-functions-hash":"18b138400311eba1afa24e48489175969b76aa97"},"environment":"GEN_2","url":"https://us-central1-pc-operator-d54c0.cloudfunctions.net/enqueueCommand","satisfiesPzi":true},"stages":[{"name":"BUILD","message":"Build in progress","state":"IN_PROGRESS","resource":"projects/983134400636/locations/us-central1/builds/3840b557-9663-4797-a9c1-20158ca2034f","resourceUri":"https://console.cloud.google.com/cloud-build/builds;region=us-central1/3840b557-9663-4797-a9c1-20158ca2034f?project=983134400636"},{"name":"SERVICE","state":"NOT_STARTED"}],"operationType":"UPDATE_FUNCTION","buildName":"projects/983134400636/locations/us-central1/builds/3840b557-9663-4797-a9c1-20158ca2034f"},"done":false}
[debug] [2025-04-28T22:48:01.457Z] [update-default-us-central1-enqueueCommand] Retrying task index 0
[debug] [2025-04-28T22:48:01.458Z] Checked if tokens are valid: true, expires at: 1745882198275
[debug] [2025-04-28T22:48:01.458Z] Checked if tokens are valid: true, expires at: 1745882198275
[debug] [2025-04-28T22:48:01.458Z] >>> [apiv2][query] GET https://cloudfunctions.googleapis.com/v2/projects/pc-operator-d54c0/locations/us-central1/operations/operation-1745880472202-633de795daba8-fdb79459-6507ad7b [none]
[debug] [2025-04-28T22:48:01.633Z] <<< [apiv2][status] GET https://cloudfunctions.googleapis.com/v2/projects/pc-operator-d54c0/locations/us-central1/operations/operation-1745880472202-633de795daba8-fdb79459-6507ad7b 200
[debug] [2025-04-28T22:48:01.633Z] <<< [apiv2][body] GET https://cloudfunctions.googleapis.com/v2/projects/pc-operator-d54c0/locations/us-central1/operations/operation-1745880472202-633de795daba8-fdb79459-6507ad7b {"name":"projects/pc-operator-d54c0/locations/us-central1/operations/operation-1745880472202-633de795daba8-fdb79459-6507ad7b","metadata":{"@type":"type.googleapis.com/google.cloud.functions.v2.OperationMetadata","createTime":"2025-04-28T22:47:53.044117888Z","target":"projects/pc-operator-d54c0/locations/us-central1/functions/enqueueCommand","verb":"update","cancelRequested":false,"apiVersion":"v2","requestResource":{"@type":"type.googleapis.com/google.cloud.functions.v2.Function","name":"projects/pc-operator-d54c0/locations/us-central1/functions/enqueueCommand","buildConfig":{"runtime":"nodejs22","entryPoint":"enqueueCommand","source":{"storageSource":{"bucket":"gcf-v2-sources-983134400636-us-central1","object":"enqueueCommand/function-source.zip","generation":"1745880472986513"}},"environmentVariables":{"GOOGLE_NODE_RUN_SCRIPTS":""},"dockerRepository":"projects/pc-operator-d54c0/locations/us-central1/repositories/gcf-artifacts","sourceProvenance":{"resolvedStorageSource":{"bucket":"gcf-v2-sources-983134400636-us-central1","object":"enqueueCommand/function-source.zip","generation":"1745879387346185"}},"dockerRegistry":"ARTIFACT_REGISTRY","serviceAccount":"projects/pc-operator-d54c0/serviceAccounts/983134400636-compute@developer.gserviceaccount.com","automaticUpdatePolicy":{}},"serviceConfig":{"service":"projects/pc-operator-d54c0/locations/us-central1/services/enqueuecommand","timeoutSeconds":60,"environmentVariables":{"API_SECRET":"xsuperSecretLongTokenx","FIREBASE_CONFIG":"{\"projectId\":\"pc-operator-d54c0\",\"storageBucket\":\"pc-operator-d54c0.firebasestorage.app\"}","GCLOUD_PROJECT":"pc-operator-d54c0","EVENTARC_CLOUD_EVENT_SOURCE":"projects/pc-operator-d54c0/locations/us-central1/services/enqueueCommand","FUNCTION_TARGET":"enqueueCommand","LOG_EXECUTION_ID":"true"},"ingressSettings":"ALLOW_ALL","uri":"https://enqueuecommand-gilg263jja-uc.a.run.app","serviceAccountEmail":"983134400636-compute@developer.gserviceaccount.com","availableMemory":"256Mi","allTrafficOnLatestRevision":true,"revision":"enqueuecommand-00003-gul","maxInstanceRequestConcurrency":80,"availableCpu":"1"},"state":"ACTIVE","labels":{"deployment-tool":"cloudfunctions","firebase-functions-hash":"18b138400311eba1afa24e48489175969b76aa97"},"environment":"GEN_2","url":"https://us-central1-pc-operator-d54c0.cloudfunctions.net/enqueueCommand","satisfiesPzi":true},"stages":[{"name":"BUILD","message":"Build in progress","state":"IN_PROGRESS","resource":"projects/983134400636/locations/us-central1/builds/3840b557-9663-4797-a9c1-20158ca2034f","resourceUri":"https://console.cloud.google.com/cloud-build/builds;region=us-central1/3840b557-9663-4797-a9c1-20158ca2034f?project=983134400636"},{"name":"SERVICE","state":"NOT_STARTED"}],"operationType":"UPDATE_FUNCTION","buildName":"projects/983134400636/locations/us-central1/builds/3840b557-9663-4797-a9c1-20158ca2034f"},"done":false}
[debug] [2025-04-28T22:48:09.648Z] [update-default-us-central1-enqueueCommand] Retrying task index 0
[debug] [2025-04-28T22:48:09.648Z] Checked if tokens are valid: true, expires at: 1745882198275
[debug] [2025-04-28T22:48:09.649Z] Checked if tokens are valid: true, expires at: 1745882198275
[debug] [2025-04-28T22:48:09.649Z] >>> [apiv2][query] GET https://cloudfunctions.googleapis.com/v2/projects/pc-operator-d54c0/locations/us-central1/operations/operation-1745880472202-633de795daba8-fdb79459-6507ad7b [none]
[debug] [2025-04-28T22:48:09.962Z] <<< [apiv2][status] GET https://cloudfunctions.googleapis.com/v2/projects/pc-operator-d54c0/locations/us-central1/operations/operation-1745880472202-633de795daba8-fdb79459-6507ad7b 200
[debug] [2025-04-28T22:48:09.962Z] <<< [apiv2][body] GET https://cloudfunctions.googleapis.com/v2/projects/pc-operator-d54c0/locations/us-central1/operations/operation-1745880472202-633de795daba8-fdb79459-6507ad7b {"name":"projects/pc-operator-d54c0/locations/us-central1/operations/operation-1745880472202-633de795daba8-fdb79459-6507ad7b","metadata":{"@type":"type.googleapis.com/google.cloud.functions.v2.OperationMetadata","createTime":"2025-04-28T22:47:53.044117888Z","target":"projects/pc-operator-d54c0/locations/us-central1/functions/enqueueCommand","verb":"update","cancelRequested":false,"apiVersion":"v2","requestResource":{"@type":"type.googleapis.com/google.cloud.functions.v2.Function","name":"projects/pc-operator-d54c0/locations/us-central1/functions/enqueueCommand","buildConfig":{"runtime":"nodejs22","entryPoint":"enqueueCommand","source":{"storageSource":{"bucket":"gcf-v2-sources-983134400636-us-central1","object":"enqueueCommand/function-source.zip","generation":"1745880472986513"}},"environmentVariables":{"GOOGLE_NODE_RUN_SCRIPTS":""},"dockerRepository":"projects/pc-operator-d54c0/locations/us-central1/repositories/gcf-artifacts","sourceProvenance":{"resolvedStorageSource":{"bucket":"gcf-v2-sources-983134400636-us-central1","object":"enqueueCommand/function-source.zip","generation":"1745879387346185"}},"dockerRegistry":"ARTIFACT_REGISTRY","serviceAccount":"projects/pc-operator-d54c0/serviceAccounts/983134400636-compute@developer.gserviceaccount.com","automaticUpdatePolicy":{}},"serviceConfig":{"service":"projects/pc-operator-d54c0/locations/us-central1/services/enqueuecommand","timeoutSeconds":60,"environmentVariables":{"API_SECRET":"xsuperSecretLongTokenx","FIREBASE_CONFIG":"{\"projectId\":\"pc-operator-d54c0\",\"storageBucket\":\"pc-operator-d54c0.firebasestorage.app\"}","GCLOUD_PROJECT":"pc-operator-d54c0","EVENTARC_CLOUD_EVENT_SOURCE":"projects/pc-operator-d54c0/locations/us-central1/services/enqueueCommand","FUNCTION_TARGET":"enqueueCommand","LOG_EXECUTION_ID":"true"},"ingressSettings":"ALLOW_ALL","uri":"https://enqueuecommand-gilg263jja-uc.a.run.app","serviceAccountEmail":"983134400636-compute@developer.gserviceaccount.com","availableMemory":"256Mi","allTrafficOnLatestRevision":true,"revision":"enqueuecommand-00003-gul","maxInstanceRequestConcurrency":80,"availableCpu":"1"},"state":"ACTIVE","labels":{"deployment-tool":"cloudfunctions","firebase-functions-hash":"18b138400311eba1afa24e48489175969b76aa97"},"environment":"GEN_2","url":"https://us-central1-pc-operator-d54c0.cloudfunctions.net/enqueueCommand","satisfiesPzi":true},"stages":[{"name":"BUILD","message":"Build in progress","state":"IN_PROGRESS","resource":"projects/983134400636/locations/us-central1/builds/3840b557-9663-4797-a9c1-20158ca2034f","resourceUri":"https://console.cloud.google.com/cloud-build/builds;region=us-central1/3840b557-9663-4797-a9c1-20158ca2034f?project=983134400636"},{"name":"SERVICE","state":"NOT_STARTED"}],"operationType":"UPDATE_FUNCTION","buildName":"projects/983134400636/locations/us-central1/builds/3840b557-9663-4797-a9c1-20158ca2034f"},"done":false}
[debug] [2025-04-28T22:48:19.966Z] [update-default-us-central1-enqueueCommand] Retrying task index 0
[debug] [2025-04-28T22:48:19.966Z] Checked if tokens are valid: true, expires at: 1745882198275
[debug] [2025-04-28T22:48:19.966Z] Checked if tokens are valid: true, expires at: 1745882198275
[debug] [2025-04-28T22:48:19.966Z] >>> [apiv2][query] GET https://cloudfunctions.googleapis.com/v2/projects/pc-operator-d54c0/locations/us-central1/operations/operation-1745880472202-633de795daba8-fdb79459-6507ad7b [none]
[debug] [2025-04-28T22:48:20.269Z] <<< [apiv2][status] GET https://cloudfunctions.googleapis.com/v2/projects/pc-operator-d54c0/locations/us-central1/operations/operation-1745880472202-633de795daba8-fdb79459-6507ad7b 200
[debug] [2025-04-28T22:48:20.269Z] <<< [apiv2][body] GET https://cloudfunctions.googleapis.com/v2/projects/pc-operator-d54c0/locations/us-central1/operations/operation-1745880472202-633de795daba8-fdb79459-6507ad7b {"name":"projects/pc-operator-d54c0/locations/us-central1/operations/operation-1745880472202-633de795daba8-fdb79459-6507ad7b","metadata":{"@type":"type.googleapis.com/google.cloud.functions.v2.OperationMetadata","createTime":"2025-04-28T22:47:53.044117888Z","target":"projects/pc-operator-d54c0/locations/us-central1/functions/enqueueCommand","verb":"update","cancelRequested":false,"apiVersion":"v2","requestResource":{"@type":"type.googleapis.com/google.cloud.functions.v2.Function","name":"projects/pc-operator-d54c0/locations/us-central1/functions/enqueueCommand","buildConfig":{"runtime":"nodejs22","entryPoint":"enqueueCommand","source":{"storageSource":{"bucket":"gcf-v2-sources-983134400636-us-central1","object":"enqueueCommand/function-source.zip","generation":"1745880472986513"}},"environmentVariables":{"GOOGLE_NODE_RUN_SCRIPTS":""},"dockerRepository":"projects/pc-operator-d54c0/locations/us-central1/repositories/gcf-artifacts","sourceProvenance":{"resolvedStorageSource":{"bucket":"gcf-v2-sources-983134400636-us-central1","object":"enqueueCommand/function-source.zip","generation":"1745879387346185"}},"dockerRegistry":"ARTIFACT_REGISTRY","serviceAccount":"projects/pc-operator-d54c0/serviceAccounts/983134400636-compute@developer.gserviceaccount.com","automaticUpdatePolicy":{}},"serviceConfig":{"service":"projects/pc-operator-d54c0/locations/us-central1/services/enqueuecommand","timeoutSeconds":60,"environmentVariables":{"API_SECRET":"xsuperSecretLongTokenx","FIREBASE_CONFIG":"{\"projectId\":\"pc-operator-d54c0\",\"storageBucket\":\"pc-operator-d54c0.firebasestorage.app\"}","GCLOUD_PROJECT":"pc-operator-d54c0","EVENTARC_CLOUD_EVENT_SOURCE":"projects/pc-operator-d54c0/locations/us-central1/services/enqueueCommand","FUNCTION_TARGET":"enqueueCommand","LOG_EXECUTION_ID":"true"},"ingressSettings":"ALLOW_ALL","uri":"https://enqueuecommand-gilg263jja-uc.a.run.app","serviceAccountEmail":"983134400636-compute@developer.gserviceaccount.com","availableMemory":"256Mi","allTrafficOnLatestRevision":true,"revision":"enqueuecommand-00003-gul","maxInstanceRequestConcurrency":80,"availableCpu":"1"},"state":"ACTIVE","labels":{"deployment-tool":"cloudfunctions","firebase-functions-hash":"18b138400311eba1afa24e48489175969b76aa97"},"environment":"GEN_2","url":"https://us-central1-pc-operator-d54c0.cloudfunctions.net/enqueueCommand","satisfiesPzi":true},"stages":[{"name":"BUILD","message":"Build in progress","state":"IN_PROGRESS","resource":"projects/983134400636/locations/us-central1/builds/3840b557-9663-4797-a9c1-20158ca2034f","resourceUri":"https://console.cloud.google.com/cloud-build/builds;region=us-central1/3840b557-9663-4797-a9c1-20158ca2034f?project=983134400636"},{"name":"SERVICE","state":"NOT_STARTED"}],"operationType":"UPDATE_FUNCTION","buildName":"projects/983134400636/locations/us-central1/builds/3840b557-9663-4797-a9c1-20158ca2034f"},"done":false}
[debug] [2025-04-28T22:48:30.270Z] [update-default-us-central1-enqueueCommand] Retrying task index 0
[debug] [2025-04-28T22:48:30.271Z] Checked if tokens are valid: true, expires at: 1745882198275
[debug] [2025-04-28T22:48:30.271Z] Checked if tokens are valid: true, expires at: 1745882198275
[debug] [2025-04-28T22:48:30.271Z] >>> [apiv2][query] GET https://cloudfunctions.googleapis.com/v2/projects/pc-operator-d54c0/locations/us-central1/operations/operation-1745880472202-633de795daba8-fdb79459-6507ad7b [none]
[debug] [2025-04-28T22:48:30.654Z] <<< [apiv2][status] GET https://cloudfunctions.googleapis.com/v2/projects/pc-operator-d54c0/locations/us-central1/operations/operation-1745880472202-633de795daba8-fdb79459-6507ad7b 200
[debug] [2025-04-28T22:48:30.654Z] <<< [apiv2][body] GET https://cloudfunctions.googleapis.com/v2/projects/pc-operator-d54c0/locations/us-central1/operations/operation-1745880472202-633de795daba8-fdb79459-6507ad7b {"name":"projects/pc-operator-d54c0/locations/us-central1/operations/operation-1745880472202-633de795daba8-fdb79459-6507ad7b","metadata":{"@type":"type.googleapis.com/google.cloud.functions.v2.OperationMetadata","createTime":"2025-04-28T22:47:53.044117888Z","target":"projects/pc-operator-d54c0/locations/us-central1/functions/enqueueCommand","verb":"update","cancelRequested":false,"apiVersion":"v2","requestResource":{"@type":"type.googleapis.com/google.cloud.functions.v2.Function","name":"projects/pc-operator-d54c0/locations/us-central1/functions/enqueueCommand","buildConfig":{"runtime":"nodejs22","entryPoint":"enqueueCommand","source":{"storageSource":{"bucket":"gcf-v2-sources-983134400636-us-central1","object":"enqueueCommand/function-source.zip","generation":"1745880472986513"}},"environmentVariables":{"GOOGLE_NODE_RUN_SCRIPTS":""},"dockerRepository":"projects/pc-operator-d54c0/locations/us-central1/repositories/gcf-artifacts","sourceProvenance":{"resolvedStorageSource":{"bucket":"gcf-v2-sources-983134400636-us-central1","object":"enqueueCommand/function-source.zip","generation":"1745879387346185"}},"dockerRegistry":"ARTIFACT_REGISTRY","serviceAccount":"projects/pc-operator-d54c0/serviceAccounts/983134400636-compute@developer.gserviceaccount.com","automaticUpdatePolicy":{}},"serviceConfig":{"service":"projects/pc-operator-d54c0/locations/us-central1/services/enqueuecommand","timeoutSeconds":60,"environmentVariables":{"API_SECRET":"xsuperSecretLongTokenx","FIREBASE_CONFIG":"{\"projectId\":\"pc-operator-d54c0\",\"storageBucket\":\"pc-operator-d54c0.firebasestorage.app\"}","GCLOUD_PROJECT":"pc-operator-d54c0","EVENTARC_CLOUD_EVENT_SOURCE":"projects/pc-operator-d54c0/locations/us-central1/services/enqueueCommand","FUNCTION_TARGET":"enqueueCommand","LOG_EXECUTION_ID":"true"},"ingressSettings":"ALLOW_ALL","uri":"https://enqueuecommand-gilg263jja-uc.a.run.app","serviceAccountEmail":"983134400636-compute@developer.gserviceaccount.com","availableMemory":"256Mi","allTrafficOnLatestRevision":true,"revision":"enqueuecommand-00003-gul","maxInstanceRequestConcurrency":80,"availableCpu":"1"},"state":"ACTIVE","labels":{"deployment-tool":"cloudfunctions","firebase-functions-hash":"18b138400311eba1afa24e48489175969b76aa97"},"environment":"GEN_2","url":"https://us-central1-pc-operator-d54c0.cloudfunctions.net/enqueueCommand","satisfiesPzi":true},"stages":[{"name":"BUILD","message":"Build in progress","state":"IN_PROGRESS","resource":"projects/983134400636/locations/us-central1/builds/3840b557-9663-4797-a9c1-20158ca2034f","resourceUri":"https://console.cloud.google.com/cloud-build/builds;region=us-central1/3840b557-9663-4797-a9c1-20158ca2034f?project=983134400636"},{"name":"SERVICE","state":"NOT_STARTED"}],"operationType":"UPDATE_FUNCTION","buildName":"projects/983134400636/locations/us-central1/builds/3840b557-9663-4797-a9c1-20158ca2034f"},"done":false}
[debug] [2025-04-28T22:48:40.664Z] [update-default-us-central1-enqueueCommand] Retrying task index 0
[debug] [2025-04-28T22:48:40.664Z] Checked if tokens are valid: true, expires at: 1745882198275
[debug] [2025-04-28T22:48:40.664Z] Checked if tokens are valid: true, expires at: 1745882198275
[debug] [2025-04-28T22:48:40.665Z] >>> [apiv2][query] GET https://cloudfunctions.googleapis.com/v2/projects/pc-operator-d54c0/locations/us-central1/operations/operation-1745880472202-633de795daba8-fdb79459-6507ad7b [none]
[debug] [2025-04-28T22:48:41.000Z] <<< [apiv2][status] GET https://cloudfunctions.googleapis.com/v2/projects/pc-operator-d54c0/locations/us-central1/operations/operation-1745880472202-633de795daba8-fdb79459-6507ad7b 200
[debug] [2025-04-28T22:48:41.000Z] <<< [apiv2][body] GET https://cloudfunctions.googleapis.com/v2/projects/pc-operator-d54c0/locations/us-central1/operations/operation-1745880472202-633de795daba8-fdb79459-6507ad7b {"name":"projects/pc-operator-d54c0/locations/us-central1/operations/operation-1745880472202-633de795daba8-fdb79459-6507ad7b","metadata":{"@type":"type.googleapis.com/google.cloud.functions.v2.OperationMetadata","createTime":"2025-04-28T22:47:53.044117888Z","target":"projects/pc-operator-d54c0/locations/us-central1/functions/enqueueCommand","verb":"update","cancelRequested":false,"apiVersion":"v2","requestResource":{"@type":"type.googleapis.com/google.cloud.functions.v2.Function","name":"projects/pc-operator-d54c0/locations/us-central1/functions/enqueueCommand","buildConfig":{"runtime":"nodejs22","entryPoint":"enqueueCommand","source":{"storageSource":{"bucket":"gcf-v2-sources-983134400636-us-central1","object":"enqueueCommand/function-source.zip","generation":"1745880472986513"}},"environmentVariables":{"GOOGLE_NODE_RUN_SCRIPTS":""},"dockerRepository":"projects/pc-operator-d54c0/locations/us-central1/repositories/gcf-artifacts","sourceProvenance":{"resolvedStorageSource":{"bucket":"gcf-v2-sources-983134400636-us-central1","object":"enqueueCommand/function-source.zip","generation":"1745879387346185"}},"dockerRegistry":"ARTIFACT_REGISTRY","serviceAccount":"projects/pc-operator-d54c0/serviceAccounts/983134400636-compute@developer.gserviceaccount.com","automaticUpdatePolicy":{}},"serviceConfig":{"service":"projects/pc-operator-d54c0/locations/us-central1/services/enqueuecommand","timeoutSeconds":60,"environmentVariables":{"API_SECRET":"xsuperSecretLongTokenx","FIREBASE_CONFIG":"{\"projectId\":\"pc-operator-d54c0\",\"storageBucket\":\"pc-operator-d54c0.firebasestorage.app\"}","GCLOUD_PROJECT":"pc-operator-d54c0","EVENTARC_CLOUD_EVENT_SOURCE":"projects/pc-operator-d54c0/locations/us-central1/services/enqueueCommand","FUNCTION_TARGET":"enqueueCommand","LOG_EXECUTION_ID":"true"},"ingressSettings":"ALLOW_ALL","uri":"https://enqueuecommand-gilg263jja-uc.a.run.app","serviceAccountEmail":"983134400636-compute@developer.gserviceaccount.com","availableMemory":"256Mi","allTrafficOnLatestRevision":true,"revision":"enqueuecommand-00003-gul","maxInstanceRequestConcurrency":80,"availableCpu":"1"},"state":"ACTIVE","labels":{"deployment-tool":"cloudfunctions","firebase-functions-hash":"18b138400311eba1afa24e48489175969b76aa97"},"environment":"GEN_2","url":"https://us-central1-pc-operator-d54c0.cloudfunctions.net/enqueueCommand","satisfiesPzi":true},"stages":[{"name":"BUILD","message":"Build finished","state":"COMPLETE","resource":"projects/983134400636/locations/us-central1/builds/3840b557-9663-4797-a9c1-20158ca2034f","resourceUri":"https://console.cloud.google.com/cloud-build/builds;region=us-central1/3840b557-9663-4797-a9c1-20158ca2034f?project=983134400636"},{"name":"SERVICE","message":"Updating Cloud Run service","state":"IN_PROGRESS","resource":"projects/pc-operator-d54c0/locations/us-central1/services/enqueuecommand","resourceUri":"https://console.cloud.google.com/run/detail/us-central1/enqueuecommand?project=pc-operator-d54c0","stateMessages":[{"severity":"INFO","type":"CloudRunServiceNewRevisionTrafficInfo","message":"A new revision will be deployed serving with 100% traffic."}]}],"sourceToken":"Cldwcm9qZWN0cy85ODMxMzQ0MDA2MzYvbG9jYXRpb25zL3VzLWNlbnRyYWwxL2J1aWxkcy8zODQwYjU1Ny05NjYzLTQ3OTctYTljMS0yMDE1OGNhMjAzNGYSd3VzLWNlbnRyYWwxLWRvY2tlci5wa2cuZGV2L3BjLW9wZXJhdG9yLWQ1NGMwL2djZi1hcnRpZmFjdHMvcGMtLW9wZXJhdG9yLS1kNTRjMF9fdXMtLWNlbnRyYWwxX19lbnF1ZXVlX2NvbW1hbmQ6dmVyc2lvbl8xGPzggbvOHCJJcHJvamVjdHMvcGMtb3BlcmF0b3ItZDU0YzAvbG9jYXRpb25zL3VzLWNlbnRyYWwxL2Z1bmN0aW9ucy9lbnF1ZXVlQ29tbWFuZCoLCMWLwMAGEKD+lnkyCG5vZGVqczIyOnYKI2djci5pby9nYWUtcnVudGltZXMvbm9kZWpzMjI6c3RhYmxlEk91cy1jZW50cmFsMS1kb2NrZXIucGtnLmRldi9zZXJ2ZXJsZXNzLXJ1bnRpbWVzL2dvb2dsZS0yMi1mdWxsL3J1bnRpbWVzL25vZGVqczIyQAE=","operationType":"UPDATE_FUNCTION","buildName":"projects/983134400636/locations/us-central1/builds/3840b557-9663-4797-a9c1-20158ca2034f"},"done":false}
[debug] [2025-04-28T22:48:41.000Z] Got source token Cldwcm9qZWN0cy85ODMxMzQ0MDA2MzYvbG9jYXRpb25zL3VzLWNlbnRyYWwxL2J1aWxkcy8zODQwYjU1Ny05NjYzLTQ3OTctYTljMS0yMDE1OGNhMjAzNGYSd3VzLWNlbnRyYWwxLWRvY2tlci5wa2cuZGV2L3BjLW9wZXJhdG9yLWQ1NGMwL2djZi1hcnRpZmFjdHMvcGMtLW9wZXJhdG9yLS1kNTRjMF9fdXMtLWNlbnRyYWwxX19lbnF1ZXVlX2NvbW1hbmQ6dmVyc2lvbl8xGPzggbvOHCJJcHJvamVjdHMvcGMtb3BlcmF0b3ItZDU0YzAvbG9jYXRpb25zL3VzLWNlbnRyYWwxL2Z1bmN0aW9ucy9lbnF1ZXVlQ29tbWFuZCoLCMWLwMAGEKD+lnkyCG5vZGVqczIyOnYKI2djci5pby9nYWUtcnVudGltZXMvbm9kZWpzMjI6c3RhYmxlEk91cy1jZW50cmFsMS1kb2NrZXIucGtnLmRldi9zZXJ2ZXJsZXNzLXJ1bnRpbWVzL2dvb2dsZS0yMi1mdWxsL3J1bnRpbWVzL25vZGVqczIyQAE= for region us-central1
[debug] [2025-04-28T22:48:51.002Z] [update-default-us-central1-enqueueCommand] Retrying task index 0
[debug] [2025-04-28T22:48:51.003Z] Checked if tokens are valid: true, expires at: 1745882198275
[debug] [2025-04-28T22:48:51.003Z] Checked if tokens are valid: true, expires at: 1745882198275
[debug] [2025-04-28T22:48:51.003Z] >>> [apiv2][query] GET https://cloudfunctions.googleapis.com/v2/projects/pc-operator-d54c0/locations/us-central1/operations/operation-1745880472202-633de795daba8-fdb79459-6507ad7b [none]
